Log file open, 03/18/20 01:24:03
LogWindows: Failed to load 'aqProf.dll' (GetLastError=126)
LogWindows: File 'aqProf.dll' does not exist
LogWindows: Failed to load 'VSPerf140.dll' (GetLastError=126)
LogWindows: File 'VSPerf140.dll' does not exist
LogWindows: Failed to load 'VtuneApi.dll' (GetLastError=126)
LogWindows: File 'VtuneApi.dll' does not exist
LogWindows: Failed to load 'VtuneApi32e.dll' (GetLastError=126)
LogWindows: File 'VtuneApi32e.dll' does not exist
LogInit: Display: Running engine for game: Ocean
LogPlatformFile: Not using cached read wrapper
LogInit: Display: RandInit(1347504048) SRandInit(1347504048).
LogInit: Read version file with build ID '3709383'
LogInit: Overriding engine version to CL 3832480, compatible CL 3709383
LogInit: Registered custom module enumerator with build ID '3709383'
LogTaskGraph: Started task graph with 5 named threads and 14 total threads with 3 sets of task threads.
LogStats: Stats thread started at 0.168796
LogD3D11RHI: Aftermath initialized
LogModuleManager: Display: Found up-to-date module file ../../../../Env/Ocean/Plugins/AirSim/Binaries/Win64/UE4Editor-AirSim.dll (API version 3709383).
LogModuleManager: Display: Found up-to-date module file ../../../Engine/Plugins/Runtime/PhysXVehicles/Binaries/Win64/UE4Editor-PhysXVehicles.dll (API version 3709383).
LogModuleManager: Display: Found up-to-date module file ../../../Engine/Plugins/Runtime/PhysXVehicles/Binaries/Win64/UE4Editor-PhysXVehiclesEditor.dll (API version 3709383).
LogModuleManager: Display: Found up-to-date module file ../../../Engine/Plugins/2D/Paper2D/Binaries/Win64/UE4Editor-Paper2D.dll (API version 3709383).
LogModuleManager: Display: Found up-to-date module file ../../../Engine/Plugins/2D/Paper2D/Binaries/Win64/UE4Editor-Paper2DEditor.dll (API version 3709383).
LogModuleManager: Display: Found up-to-date module file ../../../Engine/Plugins/2D/Paper2D/Binaries/Win64/UE4Editor-PaperSpriteSheetImporter.dll (API version 3709383).
LogModuleManager: Display: Found up-to-date module file ../../../Engine/Plugins/2D/Paper2D/Binaries/Win64/UE4Editor-PaperTiledImporter.dll (API version 3709383).
LogModuleManager: Display: Found up-to-date module file ../../../Engine/Plugins/2D/Paper2D/Binaries/Win64/UE4Editor-SmartSnapping.dll (API version 3709383).
LogModuleManager: Display: Found up-to-date module file ../../../Engine/Plugins/Blendables/LightPropagationVolume/Binaries/Win64/UE4Editor-LightPropagationVolumeRuntime.dll (API version 3709383).
LogModuleManager: Display: Found up-to-date module file ../../../Engine/Plugins/Blendables/LightPropagationVolume/Binaries/Win64/UE4Editor-LightPropagationVolumeEditor.dll (API version 3709383).
LogModuleManager: Display: Found up-to-date module file ../../../Engine/Plugins/Developer/GitSourceControl/Binaries/Win64/UE4Editor-GitSourceControl.dll (API version 3709383).
LogModuleManager: Display: Found up-to-date module file ../../../Engine/Plugins/Developer/PerforceSourceControl/Binaries/Win64/UE4Editor-PerforceSourceControl.dll (API version 3709383).
LogModuleManager: Display: Found up-to-date module file ../../../Engine/Plugins/Developer/SubversionSourceControl/Binaries/Win64/UE4Editor-SubversionSourceControl.dll (API version 3709383).
LogModuleManager: Display: Found up-to-date module file ../../../Engine/Plugins/Developer/UObjectPlugin/Binaries/Win64/UE4Editor-UObjectPlugin.dll (API version 3709383).
LogModuleManager: Display: Found up-to-date module file ../../../Engine/Plugins/Developer/VisualStudioCodeSourceCodeAccess/Binaries/Win64/UE4Editor-VisualStudioCodeSourceCodeAccess.dll (API version 3709383).
LogModuleManager: Display: Found up-to-date module file ../../../Engine/Plugins/Developer/VisualStudioSourceCodeAccess/Binaries/Win64/UE4Editor-VisualStudioSourceCodeAccess.dll (API version 3709383).
LogModuleManager: Display: Found up-to-date module file ../../../Engine/Plugins/Editor/AssetManagerEditor/Binaries/Win64/UE4Editor-AssetManagerEditor.dll (API version 3709383).
LogModuleManager: Display: Found up-to-date module file ../../../Engine/Plugins/Editor/AudioCapture/Binaries/Win64/UE4Editor-AudioCapture.dll (API version 3709383).
LogModuleManager: Display: Found up-to-date module file ../../../Engine/Plugins/Editor/FacialAnimation/Binaries/Win64/UE4Editor-FacialAnimation.dll (API version 3709383).
LogModuleManager: Display: Found up-to-date module file ../../../Engine/Plugins/Editor/FacialAnimation/Binaries/Win64/UE4Editor-FacialAnimationEditor.dll (API version 3709383).
LogModuleManager: Display: Found up-to-date module file ../../../Engine/Plugins/Editor/GameplayTagsEditor/Binaries/Win64/UE4Editor-GameplayTagsEditor.dll (API version 3709383).
LogModuleManager: Display: Found up-to-date module file ../../../Engine/Plugins/Editor/MobileLauncherProfileWizard/Binaries/Win64/UE4Editor-MobileLauncherProfileWizard.dll (API version 3709383).
LogModuleManager: Display: Found up-to-date module file ../../../Engine/Plugins/Editor/PluginBrowser/Binaries/Win64/UE4Editor-PluginBrowser.dll (API version 3709383).
LogModuleManager: Display: Found up-to-date module file ../../../Engine/Plugins/Editor/SpeedTreeImporter/Binaries/Win64/UE4Editor-SpeedTreeImporter.dll (API version 3709383).
LogModuleManager: Display: Found up-to-date module file ../../../Engine/Plugins/Experimental/AlembicImporter/Binaries/Win64/UE4Editor-AlembicImporter.dll (API version 3709383).
LogModuleManager: Display: Found up-to-date module file ../../../Engine/Plugins/Experimental/AlembicImporter/Binaries/Win64/UE4Editor-AlembicLibrary.dll (API version 3709383).
LogModuleManager: Display: Found up-to-date module file ../../../Engine/Plugins/Experimental/CharacterAI/Binaries/Win64/UE4Editor-CharacterAI.dll (API version 3709383).
LogModuleManager: Display: Found up-to-date module file ../../../Engine/Plugins/Experimental/HTML5Networking/Binaries/Win64/UE4Editor-HTML5Networking.dll (API version 3709383).
LogModuleManager: Display: Found up-to-date module file ../../../Engine/Plugins/Media/AndroidMedia/Binaries/Win64/UE4Editor-AndroidMediaEditor.dll (API version 3709383).
LogModuleManager: Display: Found up-to-date module file ../../../Engine/Plugins/Media/AndroidMedia/Binaries/Win64/UE4Editor-AndroidMediaFactory.dll (API version 3709383).
LogModuleManager: Display: Found up-to-date module file ../../../Engine/Plugins/Media/AvfMedia/Binaries/Win64/UE4Editor-AvfMediaEditor.dll (API version 3709383).
LogModuleManager: Display: Found up-to-date module file ../../../Engine/Plugins/Media/AvfMedia/Binaries/Win64/UE4Editor-AvfMediaFactory.dll (API version 3709383).
LogModuleManager: Display: Found up-to-date module file ../../../Engine/Plugins/Media/AvfMedia/Binaries/Win64/UE4Editor-AvfMediaFactory.dll (API version 3709383).
LogModuleManager: Display: Found up-to-date module file ../../../Engine/Plugins/Media/ImgMedia/Binaries/Win64/UE4Editor-ImgMedia.dll (API version 3709383).
LogModuleManager: Display: Found up-to-date module file ../../../Engine/Plugins/Media/ImgMedia/Binaries/Win64/UE4Editor-ImgMediaEditor.dll (API version 3709383).
LogModuleManager: Display: Found up-to-date module file ../../../Engine/Plugins/Media/ImgMedia/Binaries/Win64/UE4Editor-ImgMediaFactory.dll (API version 3709383).
LogModuleManager: Display: Found up-to-date module file ../../../Engine/Plugins/Media/ImgMedia/Binaries/Win64/UE4Editor-ImgMediaFactory.dll (API version 3709383).
LogModuleManager: Display: Found up-to-date module file ../../../Engine/Plugins/Media/ImgMedia/Binaries/Win64/UE4Editor-OpenExrWrapper.dll (API version 3709383).
LogModuleManager: Display: Found up-to-date module file ../../../Engine/Plugins/Media/MediaCompositing/Binaries/Win64/UE4Editor-MediaCompositing.dll (API version 3709383).
LogModuleManager: Display: Found up-to-date module file ../../../Engine/Plugins/Media/MediaCompositing/Binaries/Win64/UE4Editor-MediaCompositingEditor.dll (API version 3709383).
LogModuleManager: Display: Found up-to-date module file ../../../Engine/Plugins/Media/MediaPlayerEditor/Binaries/Win64/UE4Editor-MediaPlayerEditor.dll (API version 3709383).
LogModuleManager: Display: Found up-to-date module file ../../../Engine/Plugins/Media/WmfMedia/Binaries/Win64/UE4Editor-WmfMedia.dll (API version 3709383).
LogModuleManager: Display: Found up-to-date module file ../../../Engine/Plugins/Media/WmfMedia/Binaries/Win64/UE4Editor-WmfMediaEditor.dll (API version 3709383).
LogModuleManager: Display: Found up-to-date module file ../../../Engine/Plugins/Media/WmfMedia/Binaries/Win64/UE4Editor-WmfMediaFactory.dll (API version 3709383).
LogModuleManager: Display: Found up-to-date module file ../../../Engine/Plugins/Media/WmfMedia/Binaries/Win64/UE4Editor-WmfMediaFactory.dll (API version 3709383).
LogModuleManager: Display: Found up-to-date module file ../../../Engine/Plugins/Messaging/TcpMessaging/Binaries/Win64/UE4Editor-TcpMessaging.dll (API version 3709383).
LogModuleManager: Display: Found up-to-date module file ../../../Engine/Plugins/Messaging/UdpMessaging/Binaries/Win64/UE4Editor-UdpMessaging.dll (API version 3709383).
LogModuleManager: Display: Found up-to-date module file ../../../Engine/Plugins/MovieScene/ActorSequence/Binaries/Win64/UE4Editor-ActorSequence.dll (API version 3709383).
LogModuleManager: Display: Found up-to-date module file ../../../Engine/Plugins/MovieScene/LevelSequenceEditor/Binaries/Win64/UE4Editor-LevelSequenceEditor.dll (API version 3709383).
LogModuleManager: Display: Found up-to-date module file ../../../Engine/Plugins/MovieScene/MatineeToLevelSequence/Binaries/Win64/UE4Editor-MatineeToLevelSequence.dll (API version 3709383).
LogModuleManager: Display: Found up-to-date module file ../../../Engine/Plugins/Online/OnlineSubsystem/Binaries/Win64/UE4Editor-OnlineSubsystem.dll (API version 3709383).
LogModuleManager: Display: Found up-to-date module file ../../../Engine/Plugins/Runtime/AndroidPermission/Binaries/Win64/UE4Editor-AndroidPermission.dll (API version 3709383).
LogModuleManager: Display: Found up-to-date module file ../../../Engine/Plugins/Online/OnlineSubsystemNull/Binaries/Win64/UE4Editor-OnlineSubsystemNull.dll (API version 3709383).
LogModuleManager: Display: Found up-to-date module file ../../../Engine/Plugins/Online/OnlineSubsystemUtils/Binaries/Win64/UE4Editor-OnlineSubsystemUtils.dll (API version 3709383).
LogModuleManager: Display: Found up-to-date module file ../../../Engine/Plugins/Online/OnlineSubsystemUtils/Binaries/Win64/UE4Editor-OnlineBlueprintSupport.dll (API version 3709383).
LogModuleManager: Display: Found up-to-date module file ../../../Engine/Plugins/Runtime/AndroidDeviceProfileSelector/Binaries/Win64/UE4Editor-AndroidDeviceProfileSelector.dll (API version 3709383).
LogModuleManager: Display: Found up-to-date module file ../../../Engine/Plugins/Runtime/AppleARKit/Binaries/Win64/UE4Editor-AppleARKit.dll (API version 3709383).
LogModuleManager: Display: Found up-to-date module file ../../../Engine/Plugins/Runtime/ArchVisCharacter/Binaries/Win64/UE4Editor-ArchVisCharacter.dll (API version 3709383).
LogModuleManager: Display: Found up-to-date module file ../../../Engine/Plugins/Runtime/CableComponent/Binaries/Win64/UE4Editor-CableComponent.dll (API version 3709383).
LogModuleManager: Display: Found up-to-date module file ../../../Engine/Plugins/Runtime/CustomMeshComponent/Binaries/Win64/UE4Editor-CustomMeshComponent.dll (API version 3709383).
LogModuleManager: Display: Found up-to-date module file ../../../Engine/Plugins/Runtime/ExampleDeviceProfileSelector/Binaries/Win64/UE4Editor-ExampleDeviceProfileSelector.dll (API version 3709383).
LogModuleManager: Display: Found up-to-date module file ../../../Engine/Plugins/Runtime/ImmediatePhysics/Binaries/Win64/UE4Editor-ImmediatePhysics.dll (API version 3709383).
LogModuleManager: Display: Found up-to-date module file ../../../Engine/Plugins/Runtime/ImmediatePhysics/Binaries/Win64/UE4Editor-ImmediatePhysicsEditor.dll (API version 3709383).
LogModuleManager: Display: Found up-to-date module file ../../../Engine/Plugins/Runtime/LocationServicesBPLibrary/Binaries/Win64/UE4Editor-LocationServicesBPLibrary.dll (API version 3709383).
LogModuleManager: Display: Found up-to-date module file ../../../Engine/Plugins/Runtime/MobilePatchingUtils/Binaries/Win64/UE4Editor-MobilePatchingUtils.dll (API version 3709383).
LogModuleManager: Display: Found up-to-date module file ../../../Engine/Plugins/Runtime/Oculus/OculusVR/Binaries/Win64/UE4Editor-OculusHMD.dll (API version 3709383).
LogModuleManager: Display: Found up-to-date module file ../../../Engine/Plugins/Runtime/Oculus/OculusVR/Binaries/Win64/UE4Editor-OculusInput.dll (API version 3709383).
LogModuleManager: Display: Found up-to-date module file ../../../Engine/Plugins/Runtime/Oculus/OculusVR/Binaries/Win64/UE4Editor-OculusEditor.dll (API version 3709383).
LogModuleManager: Display: Found up-to-date module file ../../../Engine/Plugins/Runtime/ProceduralMeshComponent/Binaries/Win64/UE4Editor-ProceduralMeshComponent.dll (API version 3709383).
LogModuleManager: Display: Found up-to-date module file ../../../Engine/Plugins/Runtime/ProceduralMeshComponent/Binaries/Win64/UE4Editor-ProceduralMeshComponentEditor.dll (API version 3709383).
LogModuleManager: Display: Found up-to-date module file ../../../Engine/Plugins/Runtime/RuntimePhysXCooking/Binaries/Win64/UE4Editor-RuntimePhysXCooking.dll (API version 3709383).
LogModuleManager: Display: Found up-to-date module file ../../../Engine/Plugins/Runtime/Steam/SteamVR/Binaries/Win64/UE4Editor-SteamVR.dll (API version 3709383).
LogModuleManager: Display: Found up-to-date module file ../../../Engine/Plugins/Runtime/Steam/SteamVR/Binaries/Win64/UE4Editor-SteamVRController.dll (API version 3709383).
LogModuleManager: Display: Found up-to-date module file ../../../Engine/Plugins/Runtime/WindowsMoviePlayer/Binaries/Win64/UE4Editor-WindowsMoviePlayer.dll (API version 3709383).
LogPluginManager: Mounting plugin Paper2D
LogPluginManager: Mounting plugin AirSim
LogPluginManager: Mounting plugin LightPropagationVolume
LogPluginManager: Mounting plugin CodeLiteSourceCodeAccess
LogPluginManager: Mounting plugin GitSourceControl
LogPluginManager: Mounting plugin KDevelopSourceCodeAccess
LogPluginManager: Mounting plugin NullSourceCodeAccess
LogPluginManager: Mounting plugin PerforceSourceControl
LogPluginManager: Mounting plugin SubversionSourceControl
LogPluginManager: Mounting plugin UObjectPlugin
LogPluginManager: Mounting plugin VisualStudioCodeSourceCodeAccess
LogPluginManager: Mounting plugin VisualStudioSourceCodeAccess
LogPluginManager: Mounting plugin XCodeSourceCodeAccess
LogPluginManager: Mounting plugin AssetManagerEditor
LogPluginManager: Mounting plugin AudioCapture
LogPluginManager: Mounting plugin FacialAnimation
LogPluginManager: Mounting plugin GameplayTagsEditor
LogPluginManager: Mounting plugin MobileLauncherProfileWizard
LogPluginManager: Mounting plugin PluginBrowser
LogPluginManager: Mounting plugin SpeedTreeImporter
LogPluginManager: Mounting plugin AlembicImporter
LogPluginManager: Mounting plugin CharacterAI
LogPluginManager: Mounting plugin HTML5Networking
LogPluginManager: Mounting plugin AndroidMedia
LogPluginManager: Mounting plugin AvfMedia
LogPluginManager: Mounting plugin ImgMedia
LogPluginManager: Mounting plugin MediaCompositing
LogPluginManager: Mounting plugin MediaPlayerEditor
LogPluginManager: Mounting plugin WmfMedia
LogPluginManager: Mounting plugin TcpMessaging
LogPluginManager: Mounting plugin UdpMessaging
LogPluginManager: Mounting plugin ActorSequence
LogPluginManager: Mounting plugin LevelSequenceEditor
LogPluginManager: Mounting plugin MatineeToLevelSequence
LogPluginManager: Mounting plugin OnlineSubsystemGooglePlay
LogPluginManager: Mounting plugin OnlineSubsystemIOS
LogPluginManager: Mounting plugin OnlineSubsystem
LogPluginManager: Mounting plugin OnlineSubsystemNull
LogPluginManager: Mounting plugin OnlineSubsystemUtils
LogPluginManager: Mounting plugin AndroidDeviceProfileSelector
LogPluginManager: Mounting plugin AndroidMoviePlayer
LogPluginManager: Mounting plugin AndroidPermission
LogPluginManager: Mounting plugin AppleARKit
LogPluginManager: Mounting plugin AppleMoviePlayer
LogPluginManager: Mounting plugin ArchVisCharacter
LogPluginManager: Mounting plugin CableComponent
LogPluginManager: Mounting plugin CustomMeshComponent
LogPluginManager: Mounting plugin ExampleDeviceProfileSelector
LogPluginManager: Mounting plugin GoogleCloudMessaging
LogPluginManager: Mounting plugin ImmediatePhysics
LogPluginManager: Mounting plugin IOSDeviceProfileSelector
LogPluginManager: Mounting plugin LinuxDeviceProfileSelector
LogPluginManager: Mounting plugin LocationServicesBPLibrary
LogPluginManager: Mounting plugin MobilePatchingUtils
LogPluginManager: Mounting plugin OculusVR
LogPluginManager: Plugin shader directory ../../../Engine/Plugins/Runtime/Oculus/OculusVR/Shaders found
LogPluginManager: Mapping shader source directory ../../../Engine/Plugins/Runtime/Oculus/OculusVR/Shaders to virtual directory /Plugin/OculusVR
LogPluginManager: Mounting plugin PhysXVehicles
LogPluginManager: Mounting plugin ProceduralMeshComponent
LogPluginManager: Mounting plugin RuntimePhysXCooking
LogPluginManager: Mounting plugin SteamVR
LogPluginManager: Mounting plugin WindowsMoviePlayer
LogInit: Using libcurl 7.47.1
LogInit:  - built for x86_64-pc-win32
LogInit:  - supports SSL with OpenSSL/1.0.2g
LogInit:  - supports HTTP deflate (compression) using libz 1.2.8
LogInit:  - other features:
LogInit:      CURL_VERSION_SSL
LogInit:      CURL_VERSION_LIBZ
LogInit:      CURL_VERSION_IPV6
LogInit:      CURL_VERSION_ASYNCHDNS
LogInit:      CURL_VERSION_LARGEFILE
LogInit:      CURL_VERSION_IDN
LogInit:  CurlRequestOptions (configurable via config and command line):
LogInit:  - bVerifyPeer = false  - Libcurl will NOT verify peer certificate
LogInit:  - bUseHttpProxy = false  - Libcurl will NOT use HTTP proxy
LogInit:  - bDontReuseConnections = false  - Libcurl will reuse connections
LogInit:  - CertBundlePath = nullptr  - Libcurl will use whatever was configured at build time.
LogInit: Build: ++UE4+Release-4.18-CL-3832480
LogInit: Engine Version: 4.18.3-3832480+++UE4+Release-4.18
LogInit: Compatible Engine Version: 4.18.0-3709383+++UE4+Release-4.18
LogInit: Net CL: 3709383
LogDevObjectVersion: Number of dev versions registered: 16
LogDevObjectVersion:   Dev-Blueprints (B0D832E4-1F89-4F0D-ACCF-7EB736FD4AA2): 10
LogDevObjectVersion:   Dev-Build (E1C64328-A22C-4D53-A36C-8E866417BD8C): 0
LogDevObjectVersion:   Dev-Core (375EC13C-06E4-48FB-B500-84F0262A717E): 2
LogDevObjectVersion:   Dev-Editor (E4B068ED-F494-42E9-A231-DA0B2E46BB41): 20
LogDevObjectVersion:   Dev-Framework (CFFC743F-43B0-4480-9391-14DF171D2073): 30
LogDevObjectVersion:   Dev-Mobile (B02B49B5-BB20-44E9-A304-32B752E40360): 0
LogDevObjectVersion:   Dev-Networking (A4E4105C-59A1-49B5-A7C5-40C4547EDFEE): 0
LogDevObjectVersion:   Dev-Online (39C831C9-5AE6-47DC-9A44-9C173E1C8E7C): 0
LogDevObjectVersion:   Dev-Physics (78F01B33-EBEA-4F98-B9B4-84EACCB95AA2): 0
LogDevObjectVersion:   Dev-Platform (6631380F-2D4D-43E0-8009-CF276956A95A): 0
LogDevObjectVersion:   Dev-Rendering (12F88B9F-8875-4AFC-A67C-D90C383ABD29): 20
LogDevObjectVersion:   Dev-Sequencer (7B5AE74C-D270-4C10-A958-57980B212A5A): 4
LogDevObjectVersion:   Dev-VR (D7296918-1DD6-4BDD-9DE2-64A83CC13884): 0
LogDevObjectVersion:   Dev-LoadTimes (C2A15278-BFE7-4AFE-6C17-90FF531DF755): 1
LogDevObjectVersion:   Private-Geometry (6EACA3D4-40EC-4CC1-B786-8BED09428FC5): 1
LogDevObjectVersion:   Dev-AnimPhys (29E575DD-E0A3-4627-9D10-D276232CDCEA): 12
LogInit: Compiled (64-bit): Jan 12 2018 02:04:55
LogInit: Compiled with Visual C++: 19.00.24215.01
LogInit: Build Configuration: Development
LogInit: Branch Name: ++UE4+Release-4.18
LogInit: Command line: 
LogInit: Base directory: E:/UnrealEngine4/UE_4.18/Engine/Binaries/Win64/
LogInit: Installed Engine Build: 1
LogInit: Presizing for max 8388607 objects, including 0 objects not considered by GC, pre-allocating 0 bytes for permanent pool.
LogInit: Object subsystem initialized
[2020.03.17-18.24.04:406][  0]LogInit: Selected Device Profile: [Windows]
[2020.03.17-18.24.04:406][  0]LogInit: Applying CVar settings loaded from the selected device profile: [Windows]
[2020.03.17-18.24.04:423][  0]LogInit: Computer: ASELAB
[2020.03.17-18.24.04:423][  0]LogInit: User: AseLaboratory
[2020.03.17-18.24.04:423][  0]LogInit: CPU Page size=4096, Cores=4
[2020.03.17-18.24.04:423][  0]LogInit: High frequency timer resolution =2.825509 MHz
[2020.03.17-18.24.04:423][  0]LogMemory: Memory total: Physical=15.9GB (16GB approx)
[2020.03.17-18.24.04:423][  0]LogMemory: Platform Memory Stats for Windows
[2020.03.17-18.24.04:423][  0]LogMemory: Process Physical Memory: 272.85 MB used, 272.85 MB peak
[2020.03.17-18.24.04:423][  0]LogMemory: Process Virtual Memory: 271.86 MB used, 271.86 MB peak
[2020.03.17-18.24.04:423][  0]LogMemory: Physical Memory: 7193.50 MB used,  9105.59 MB free, 16299.09 MB total
[2020.03.17-18.24.04:423][  0]LogMemory: Virtual Memory: 4777.07 MB used,  9105.59 MB free, 134217728.00 MB total
[2020.03.17-18.24.04:543][  0]LogInit: Using OS detected language (en-US).
[2020.03.17-18.24.04:543][  0]LogInit: Using OS detected locale (en-US).
[2020.03.17-18.24.04:546][  0]LogTextLocalizationManager: No specific localization for 'en-US' exists, so the 'en' localization will be used.
[2020.03.17-18.24.05:132][  0]LogD3D11RHI: D3D11 adapters:
[2020.03.17-18.24.05:176][  0]LogD3D11RHI:    0. 'NVIDIA Quadro K2100M' (Feature Level 11_0)
[2020.03.17-18.24.05:176][  0]LogD3D11RHI:       2007/0/8149 MB DedicatedVideo/DedicatedSystem/SharedSystem, Outputs:1, VendorId:0x10de
[2020.03.17-18.24.05:177][  0]LogD3D11RHI:    1. 'Microsoft Basic Render Driver' (Feature Level 11_0)
[2020.03.17-18.24.05:177][  0]LogD3D11RHI:       0/0/8149 MB DedicatedVideo/DedicatedSystem/SharedSystem, Outputs:0, VendorId:0x1414
[2020.03.17-18.24.05:177][  0]LogD3D11RHI: Chosen D3D11 Adapter: 0
[2020.03.17-18.24.05:183][  0]LogD3D11RHI: Creating new Direct3DDevice
[2020.03.17-18.24.05:183][  0]LogD3D11RHI:     GPU DeviceId: 0x11fc (for the marketing name, search the web for "GPU Device Id")
[2020.03.17-18.24.05:183][  0]LogWindows: EnumDisplayDevices:
[2020.03.17-18.24.05:183][  0]LogWindows:    0. 'NVIDIA Quadro K2100M' (P:1 D:1)
[2020.03.17-18.24.05:183][  0]LogWindows:    1. 'NVIDIA Quadro K2100M' (P:0 D:0)
[2020.03.17-18.24.05:183][  0]LogWindows:    2. 'NVIDIA Quadro K2100M' (P:0 D:0)
[2020.03.17-18.24.05:184][  0]LogWindows:    3. 'NVIDIA Quadro K2100M' (P:0 D:0)
[2020.03.17-18.24.05:184][  0]LogWindows: DebugString: GetVideoDriverDetailsInvalid PrimaryIsNotTheChoosenAdapter GetVideoDriverDetailsInvalid PrimaryIsNotTheChoosenAdapter GetVideoDriverDetailsInvalid PrimaryIsNotTheChoosenAdapter GetVideoDriverDetailsInvalid PrimaryIsNotTheChoosenAdapter FoundDriverCount:0 
[2020.03.17-18.24.05:184][  0]LogD3D11RHI:     Adapter Name: NVIDIA Quadro K2100M
[2020.03.17-18.24.05:184][  0]LogD3D11RHI:   Driver Version: Unknown (internal:Unknown, unified:Unknown)
[2020.03.17-18.24.05:184][  0]LogD3D11RHI:      Driver Date: Unknown
[2020.03.17-18.24.05:184][  0]LogRHI: Texture pool is 1404 MB (70% of 2007 MB)
[2020.03.17-18.24.05:216][  0]LogD3D11RHI: Async texture creation enabled
[2020.03.17-18.24.05:233][  0]LogD3D11RHI: GPU Timing Frequency: 1000.000000 (Debug: 2 2)
[2020.03.17-18.24.05:275][  0]LogShaderCompilers: Guid format shader working directory is 25 characters bigger than the processId version (../../../../Env/Ocean/Intermediate/Shaders/WorkingDirectory/8064/).
[2020.03.17-18.24.05:275][  0]LogShaderCompilers: Cleaned the shader compiler working directory 'C:/Users/Admin/AppData/Local/Temp/UnrealShaderWorkingDir/F7FC589C49B8009574240A8D3F51C816/'.
[2020.03.17-18.24.05:275][  0]LogShaderCompilers: Display: Using Local Shader Compiler.
[2020.03.17-18.24.06:036][  0]LogTemp: Display: Loaded TP AllDesktopTargetPlatform
[2020.03.17-18.24.06:083][  0]LogTemp: Display: Loaded TP MacClientTargetPlatform
[2020.03.17-18.24.06:126][  0]LogTemp: Display: Loaded TP MacNoEditorTargetPlatform
[2020.03.17-18.24.06:161][  0]LogTemp: Display: Loaded TP MacServerTargetPlatform
[2020.03.17-18.24.06:200][  0]LogTemp: Display: Loaded TP MacTargetPlatform
[2020.03.17-18.24.06:236][  0]LogTemp: Display: Loaded TP WindowsClientTargetPlatform
[2020.03.17-18.24.06:272][  0]LogTemp: Display: Loaded TP WindowsNoEditorTargetPlatform
[2020.03.17-18.24.06:309][  0]LogTemp: Display: Loaded TP WindowsServerTargetPlatform
[2020.03.17-18.24.06:340][  0]LogTemp: Display: Loaded TP WindowsTargetPlatform
[2020.03.17-18.24.06:375][  0]LogTemp: Display: Loaded TP Android_ASTCTargetPlatform
[2020.03.17-18.24.06:411][  0]LogTemp: Display: Loaded TP Android_ATCTargetPlatform
[2020.03.17-18.24.06:446][  0]LogTemp: Display: Loaded TP Android_DXTTargetPlatform
[2020.03.17-18.24.06:482][  0]LogTemp: Display: Loaded TP Android_ETC1TargetPlatform
[2020.03.17-18.24.06:518][  0]LogTemp: Display: Loaded TP Android_ETC2TargetPlatform
[2020.03.17-18.24.06:587][  0]LogTemp: Display: Loaded TP Android_MultiTargetPlatform
[2020.03.17-18.24.06:587][  0]LogTemp: Display: Loaded TP Android_PVRTCTargetPlatform
[2020.03.17-18.24.06:624][  0]LogTemp: Display: Loaded TP AndroidTargetPlatform
[2020.03.17-18.24.06:652][  0]LogTemp: Display: Loaded TP HTML5TargetPlatform
[2020.03.17-18.24.06:724][  0]LogTemp: Display: Loaded TP IOSTargetPlatform
[2020.03.17-18.24.06:758][  0]LogTemp: Display: Loaded TP TVOSTargetPlatform
[2020.03.17-18.24.06:801][  0]LogTemp: Display: Loaded TP LinuxClientTargetPlatform
[2020.03.17-18.24.06:836][  0]LogTemp: Display: Loaded TP LinuxNoEditorTargetPlatform
[2020.03.17-18.24.06:872][  0]LogTemp: Display: Loaded TP LinuxServerTargetPlatform
[2020.03.17-18.24.06:909][  0]LogTemp: Display: Loaded TP LinuxTargetPlatform
[2020.03.17-18.24.06:909][  0]LogTargetPlatformManager: Display: Building Assets For Windows
[2020.03.17-18.24.07:229][  0]LogDerivedDataCache: Display: Max Cache Size: 512 MB
[2020.03.17-18.24.07:297][  0]LogDerivedDataCache: Loaded boot cache 0.07s 82MB C:/Users/Admin/AppData/Local/UnrealEngine/4.18/DerivedDataCache/Boot.ddc.
[2020.03.17-18.24.07:298][  0]LogDerivedDataCache: Display: Loaded Boot cache: C:/Users/Admin/AppData/Local/UnrealEngine/4.18/DerivedDataCache/Boot.ddc
[2020.03.17-18.24.07:298][  0]LogDerivedDataCache: FDerivedDataBackendGraph:  Pak pak cache file ../../../../Env/Ocean/DerivedDataCache/DDC.ddp not found, will not use a pak cache.
[2020.03.17-18.24.07:298][  0]LogDerivedDataCache: Unable to find inner node Pak for hierarchical cache Hierarchy.
[2020.03.17-18.24.07:298][  0]LogDerivedDataCache: FDerivedDataBackendGraph:  CompressedPak pak cache file ../../../../Env/Ocean/DerivedDataCache/Compressed.ddp not found, will not use a pak cache.
[2020.03.17-18.24.07:298][  0]LogDerivedDataCache: Unable to find inner node CompressedPak for hierarchical cache Hierarchy.
[2020.03.17-18.24.07:313][  0]LogDerivedDataCache: Display: Pak cache opened for reading ../../../Engine/DerivedDataCache/Compressed.ddp.
[2020.03.17-18.24.07:325][  0]LogDerivedDataCache: Using Local data cache path C:/Users/Admin/AppData/Local/UnrealEngine/Common/DerivedDataCache: Writable
[2020.03.17-18.24.07:335][  0]LogMaterial: Verifying Global Shaders for PCD3D_SM5
[2020.03.17-18.24.07:335][  0]LogSlate: Using Freetype 2.6.0
[2020.03.17-18.24.07:336][  0]LogSlate: SlateFontCache - WITH_FREETYPE: 1, WITH_HARFBUZZ: 1
[2020.03.17-18.24.07:336][  0]LogSlate: SlateFontCache - WITH_FREETYPE: 1, WITH_HARFBUZZ: 1
[2020.03.17-18.24.07:643][  0]LogInit: Selected Device Profile: [Windows]
[2020.03.17-18.24.07:902][  0]LogSimplygon: Simplygon DLL not present - disabling.
[2020.03.17-18.24.07:931][  0]LogMeshReduction: Using SimplygonSwarm for distributed automatic mesh merging
[2020.03.17-18.24.07:931][  0]LogMeshReduction: Using QuadricMeshReduction for automatic static mesh reduction
[2020.03.17-18.24.07:931][  0]LogMeshReduction: No automatic skeletal mesh reduction module available
[2020.03.17-18.24.07:931][  0]LogMeshReduction: No automatic mesh merging module available
[2020.03.17-18.24.07:931][  0]LogMeshMerging: No automatic mesh merging module available
[2020.03.17-18.24.07:953][  0]LogNetVersion: Ocean , NetCL: 3709383, EngineNetVer: 2, GameNetVer: 0 (Checksum: 1316336824)
[2020.03.17-18.24.08:094][  0]LogAssetRegistry: FAssetRegistry took 0.0258 seconds to start up
[2020.03.17-18.24.08:507][  0]LogPackageLocalizationCache: Processed 8 localized package path(s) for 2 prioritized culture(s) in 0.041823 seconds
[2020.03.17-18.24.08:512][  0]LogUObjectArray: 35870 objects as part of root set at end of initial load.
[2020.03.17-18.24.08:512][  0]LogUObjectAllocator: 7363696 out of 0 bytes used by permanent object pool.
[2020.03.17-18.24.08:512][  0]LogUObjectArray: CloseDisregardForGC: 0/0 objects in disregard for GC pool
[2020.03.17-18.24.08:548][  0]LogInit: WinSock: version 1.1 (2.2), MaxSocks=32767, MaxUdp=65467
[2020.03.17-18.24.10:717][  0]LogTemp: StartupModule: AirSim plugin
[2020.03.17-18.24.10:975][  0]LogTcpMessaging: Initializing TcpMessaging bridge
[2020.03.17-18.24.11:009][  0]LogUdpMessaging: Initializing bridge on interface 0.0.0.0:0 to multicast group 230.0.0.1:6666.
[2020.03.17-18.24.11:487][  0]LogMaterial: Uniform references updated for custom material expression Custom.
[2020.03.17-18.24.11:794][  0]SourceControl: Source control is disabled
[2020.03.17-18.24.11:794][  0]SourceControl: Source control is disabled
[2020.03.17-18.24.11:828][  0]SourceControl: Source control is disabled
[2020.03.17-18.24.11:864][  0]SourceControl: Source control is disabled
[2020.03.17-18.24.12:420][  0]LogAndroidPermission: UAndroidPermissionCallbackProxy::GetInstance
[2020.03.17-18.24.12:607][  0]LogOcInput: OculusInput pre-init called
[2020.03.17-18.24.12:816][  0]LogEngine: Initializing Engine...
[2020.03.17-18.24.12:818][  0]LogHMD: Failed to initialize OpenVR with code 110
[2020.03.17-18.24.13:006][  0]LogStats: UGameplayTagsManager::ConstructGameplayTagTree: Construct from data asset -  0.000 s
[2020.03.17-18.24.13:006][  0]LogStats: UGameplayTagsManager::ConstructGameplayTagTree: GameplayTagTreeChangedEvent.Broadcast -  0.000 s
[2020.03.17-18.24.13:091][  0]LogAIModule: Creating AISystem for world Untitled
[2020.03.17-18.24.13:099][  0]LogInit: XAudio2 using 'Speakers/Headphones (Realtek High Definition Audio)' : 2 channels at 48 kHz using 32 bits per sample (channel mask 0x3)
[2020.03.17-18.24.13:120][  0]LogInit: FAudioDevice initialized.
[2020.03.17-18.24.13:199][  0]LogDerivedDataCache: Saved boot cache 0.08s 82MB C:/Users/Admin/AppData/Local/UnrealEngine/4.18/DerivedDataCache/Boot.ddc.
[2020.03.17-18.24.13:213][  0]LogInit: Texture streaming: Enabled
[2020.03.17-18.24.13:284][  0]LogEngineSessionManager: EngineSessionManager initialized
[2020.03.17-18.24.13:371][  0]LogInit: Transaction tracking system initialized
[2020.03.17-18.24.13:580][  0]BlueprintLog: New page: Editor Load
[2020.03.17-18.24.14:275][  0]LocalizationService: Localization service is disabled
[2020.03.17-18.24.15:067][  0]LogConsoleResponse: Display: 
[2020.03.17-18.24.15:217][  0]LogCook: Display: Max memory allowance for cook 16384mb min free memory 0mb
[2020.03.17-18.24.15:217][  0]LogCook: Display: Mobile HDR setting 1
[2020.03.17-18.24.15:217][  0]LogGameplayTags: Display: UGameplayTagsManager::DoneAddingNativeTags. DelegateIsBound: 0
[2020.03.17-18.24.16:046][  0]LogFileCache: Scanning file cache for directory 'E:/UnrealEngine4/Env/Ocean/Content/' took 0.02s
[2020.03.17-18.24.16:046][  0]SourceControl: Source control is disabled
[2020.03.17-18.24.16:046][  0]Cmd: MAP LOAD FILE="../../../../Env/Ocean/Content/StarterContent/Maps/Minimal_Default.umap" TEMPLATE=0 SHOWPROGRESS=1 FEATURELEVEL=3
[2020.03.17-18.24.16:047][  0]LightingResults: New page: Lighting Build
[2020.03.17-18.24.16:076][  0]MapCheck: New page: Map Check
[2020.03.17-18.24.16:076][  0]LightingResults: New page: Lighting Build
[2020.03.17-18.24.16:343][  0]LogAIModule: Creating AISystem for world Minimal_Default
[2020.03.17-18.24.16:351][  0]LogEditorServer: Finished looking for orphan Actors (0.000 secs)
[2020.03.17-18.24.16:361][  0]Cmd: MAP CHECKDEP NOCLEARLOG
[2020.03.17-18.24.16:397][  0]MapCheck: Map check complete: 0 Error(s), 0 Warning(s), took 36.172ms to complete.
[2020.03.17-18.24.16:397][  0]LogFileHelpers: Loading map 'Minimal_Default' took 0.351
[2020.03.17-18.24.16:575][  0]LogCollectionManager: Loaded 0 collections in 0.001286 seconds
[2020.03.17-18.24.16:660][  0]LogFileCache: Scanning file cache for directory 'E:/UnrealEngine4/Env/Ocean/Saved/Collections/' took 0.01s
[2020.03.17-18.24.16:660][  0]LogFileCache: Scanning file cache for directory 'E:/UnrealEngine4/Env/Ocean/Content/Developers/AseLaboratory/Collections/' took 0.01s
[2020.03.17-18.24.16:660][  0]LogFileCache: Scanning file cache for directory 'E:/UnrealEngine4/Env/Ocean/Content/Collections/' took 0.01s
[2020.03.17-18.24.16:660][  0]LogCollectionManager: Rebuilt the GUID cache for 0 collections in 0.000000 seconds
[2020.03.17-18.24.16:669][  0]LogContentBrowser: Native class hierarchy populated in 0.0081 seconds. Added 2382 classes and 528 folders.
[2020.03.17-18.24.16:717][  0]LogContentBrowser: Native class hierarchy updated for 'WidgetCarousel' in 0.0002 seconds. Added 0 classes and 0 folders.
[2020.03.17-18.24.16:823][  0]LogContentBrowser: Native class hierarchy updated for 'AddContentDialog' in 0.0003 seconds. Added 0 classes and 0 folders.
[2020.03.17-18.24.16:861][  0]LogContentBrowser: Native class hierarchy updated for 'SceneOutliner' in 0.0003 seconds. Added 1 classes and 2 folders.
[2020.03.17-18.24.16:996][  0]LogSlate: Took 0.000160 seconds to synchronously load lazily loaded font '../../../Engine/Content/Slate/Fonts/Roboto-Regular.ttf' (155K)
[2020.03.17-18.24.16:998][  0]LogSlate: Took 0.000116 seconds to synchronously load lazily loaded font '../../../Engine/Content/Slate/Fonts/Roboto-Bold.ttf' (160K)
[2020.03.17-18.24.17:003][  0]LogSlate: Took 0.001708 seconds to synchronously load lazily loaded font '../../../Engine/Content/Editor/Slate/Fonts/FontAwesome.ttf' (139K)
[2020.03.17-18.24.17:105][  0]LogRenderer: Reallocating scene render targets to support 964x436 Format 9 NumSamples 1 (Frame:1).
[2020.03.17-18.24.17:247][  0]LogContentBrowser: Native class hierarchy updated for 'HierarchicalLODOutliner' in 0.0002 seconds. Added 1 classes and 2 folders.
[2020.03.17-18.24.17:247][  0]LogLoad: (Engine Initialization) Total time: 14.65 seconds
[2020.03.17-18.24.17:247][  0]LogLoad: (Engine Initialization) Total Blueprint compile time: 0.00 seconds
[2020.03.17-18.24.17:247][  0]LogExternalProfiler: No external profilers were discovered.  External profiling features will not be available.
[2020.03.17-18.24.17:265][  0]LogWindowsTextInputMethodSystem: Display: IME system now deactivated.
[2020.03.17-18.24.17:285][  0]LogContentStreaming: Texture pool size now 600 MB
[2020.03.17-18.24.17:329][  0]LogSlate: Took 0.001564 seconds to synchronously load lazily loaded font '../../../Engine/Content/Slate/Fonts/Roboto-Light.ttf' (159K)
[2020.03.17-18.24.17:354][  1]LogAssetRegistry: Asset discovery search completed in 9.2835 seconds
[2020.03.17-18.24.17:356][  1]LogCollectionManager: Rebuilt the object cache for 0 collections in 0.000000 seconds (found 0 objects)
[2020.03.17-18.24.17:356][  1]LogCollectionManager: Fixed up redirectors for 0 collections in 0.000036 seconds (updated 0 objects)
[2020.03.17-18.24.22:764][313]LogSlate: Took 0.000141 seconds to synchronously load lazily loaded font '../../../Engine/Content/Slate/Fonts/Roboto-Light.ttf' (159K)
[2020.03.17-18.24.22:792][313]LogLinker: Warning: Asset '../../../../Env/Ocean/Content/WaterMaterials/Materials/M_Ocean_Cheaper_Inst.uasset' has been saved with empty engine version. The asset will be loaded but may be incompatible.
[2020.03.17-18.24.22:794][313]LogLinker: Warning: Asset '../../../../Env/Ocean/Content/WaterMaterials/Materials/M_Ocean_Cheaper.uasset' has been saved with empty engine version. The asset will be loaded but may be incompatible.
[2020.03.17-18.24.22:933][313]LogLinker: Warning: Asset '../../../../Env/Ocean/Content/Scanned3DPeoplePack/RP_Character/rp_carla_rigged_001_Mobile_ue4/woman01.uasset' has been saved with empty engine version. The asset will be loaded but may be incompatible.
[2020.03.17-18.24.23:000][313]LogLinker: Warning: Asset '../../../../Env/Ocean/Content/Scanned3DPeoplePack/RP_Character/rp_claudia_rigged_002_Mobile_ue4/woman02.uasset' has been saved with empty engine version. The asset will be loaded but may be incompatible.
[2020.03.17-18.24.23:035][313]LogLinker: Warning: Asset '../../../../Env/Ocean/Content/Scanned3DPeoplePack/RP_Character/rp_dennis_posed_004_Mobile_ue4/man01.uasset' has been saved with empty engine version. The asset will be loaded but may be incompatible.
[2020.03.17-18.24.23:758][313]LogAIModule: Creating AISystem for world Ocean
[2020.03.17-18.24.23:794][313]Cmd: MAP LOAD FILE="../../../../Env/Ocean/Content/StarterContent/Maps/Ocean.umap" TEMPLATE=0 SHOWPROGRESS=1 FEATURELEVEL=3
[2020.03.17-18.24.23:794][313]LightingResults: New page: Lighting Build
[2020.03.17-18.24.23:794][313]LoadErrors: New page: Loading map: Ocean.umap
[2020.03.17-18.24.23:796][313]MapCheck: New page: Map Check
[2020.03.17-18.24.23:796][313]LightingResults: New page: Lighting Build
[2020.03.17-18.24.23:905][313]LogEditorServer: Finished looking for orphan Actors (0.000 secs)
[2020.03.17-18.24.23:928][313]Cmd: MAP CHECKDEP NOCLEARLOG
[2020.03.17-18.24.23:975][313]MapCheck: Map check complete: 0 Error(s), 0 Warning(s), took 46.68ms to complete.
[2020.03.17-18.24.23:975][313]LogFileHelpers: Loading map 'Ocean' took 0.182
[2020.03.17-18.24.34:069][914]LogLinker: Warning: Can't find file '/Game/StarterContent/Maps/OceanPeople_BuiltData'
[2020.03.17-18.24.34:069][914]LogLinker: Warning: Can't find file for asset '/Game/StarterContent/Maps/OceanPeople_BuiltData' while loading ../../../../Env/Ocean/Content/StarterContent/Maps/OceanPeople.umap.
[2020.03.17-18.24.34:069][914]LoadErrors: Error: /Game/StarterContent/Maps/OceanPeople : Can't find file for asset. /Game/StarterContent/Maps/OceanPeople_BuiltData
[2020.03.17-18.24.34:072][914]LogLinker: Warning: Can't find file '/Game/StarterContent/Maps/OceanPeople_BuiltData'
[2020.03.17-18.24.34:073][914]LogLinker: Warning: Can't find file for asset '/Game/StarterContent/Maps/OceanPeople_BuiltData' while loading ../../../../Env/Ocean/Content/StarterContent/Maps/OceanPeople.umap.
[2020.03.17-18.24.34:076][914]LogLinker: Warning: Can't find file '/Game/StarterContent/Maps/OceanPeople_BuiltData'
[2020.03.17-18.24.34:076][914]LogLinker: Warning: Can't find file for asset '/Game/StarterContent/Maps/OceanPeople_BuiltData' while loading NULL.
[2020.03.17-18.24.34:076][914]LogLinker: Warning: Can't find file '/Game/StarterContent/Maps/OceanPeople_BuiltData'
[2020.03.17-18.24.34:076][914]LogLinker: Warning: Can't find file for asset '/Game/StarterContent/Maps/OceanPeople_BuiltData' while loading NULL.
[2020.03.17-18.24.34:089][914]LogLinker: Warning: Can't find file '/Game/StarterContent/Maps/OceanPeople_BuiltData'
[2020.03.17-18.24.34:089][914]LoadErrors: Failed to load /Game/StarterContent/Maps/OceanPeople_BuiltData.OceanPeople_BuiltData Referenced by PersistentLevel
[2020.03.17-18.24.34:089][914]LogLinker: Warning: Can't find file for asset '/Game/StarterContent/Maps/OceanPeople_BuiltData' while loading NULL.
[2020.03.17-18.24.34:106][914]LogAIModule: Creating AISystem for world OceanPeople
[2020.03.17-18.24.34:123][914]Cmd: MAP LOAD FILE="../../../../Env/Ocean/Content/StarterContent/Maps/OceanPeople.umap" TEMPLATE=0 SHOWPROGRESS=1 FEATURELEVEL=3
[2020.03.17-18.24.34:123][914]LightingResults: New page: Lighting Build
[2020.03.17-18.24.34:124][914]LoadErrors: New page: Loading map: OceanPeople.umap
[2020.03.17-18.24.34:128][914]MapCheck: New page: Map Check
[2020.03.17-18.24.34:128][914]LightingResults: New page: Lighting Build
[2020.03.17-18.24.34:241][914]LogEditorServer: Finished looking for orphan Actors (0.000 secs)
[2020.03.17-18.24.34:263][914]Cmd: MAP CHECKDEP NOCLEARLOG
[2020.03.17-18.24.34:310][914]MapCheck: Map check complete: 0 Error(s), 0 Warning(s), took 46.375ms to complete.
[2020.03.17-18.24.34:310][914]LogFileHelpers: Loading map 'OceanPeople' took 0.187
[2020.03.17-18.24.38:394][137]LogAIModule: Creating AISystem for world Ocean
[2020.03.17-18.24.38:413][137]Cmd: MAP LOAD FILE="../../../../Env/Ocean/Content/StarterContent/Maps/Ocean.umap" TEMPLATE=0 SHOWPROGRESS=1 FEATURELEVEL=3
[2020.03.17-18.24.38:413][137]LightingResults: New page: Lighting Build
[2020.03.17-18.24.38:413][137]LoadErrors: New page: Loading map: Ocean.umap
[2020.03.17-18.24.38:416][137]MapCheck: New page: Map Check
[2020.03.17-18.24.38:416][137]LightingResults: New page: Lighting Build
[2020.03.17-18.24.38:573][137]LogEditorServer: Finished looking for orphan Actors (0.000 secs)
[2020.03.17-18.24.38:595][137]Cmd: MAP CHECKDEP NOCLEARLOG
[2020.03.17-18.24.38:641][137]MapCheck: Map check complete: 0 Error(s), 0 Warning(s), took 46.13ms to complete.
[2020.03.17-18.24.38:642][137]LogFileHelpers: Loading map 'Ocean' took 0.230
[2020.03.17-18.24.44:085][414]LogSlate: Took 0.000181 seconds to synchronously load lazily loaded font '../../../Engine/Content/Slate/Fonts/Roboto-Regular.ttf' (155K)
[2020.03.17-18.24.44:232][414]LogAIModule: Creating AISystem for world Ocean_duphong
[2020.03.17-18.24.44:257][414]Cmd: MAP LOAD FILE="../../../../Env/Ocean/Content/StarterContent/Maps/Ocean_duphong.umap" TEMPLATE=0 SHOWPROGRESS=1 FEATURELEVEL=3
[2020.03.17-18.24.44:257][414]LightingResults: New page: Lighting Build
[2020.03.17-18.24.44:258][414]LoadErrors: New page: Loading map: Ocean_duphong.umap
[2020.03.17-18.24.44:263][414]MapCheck: New page: Map Check
[2020.03.17-18.24.44:263][414]LightingResults: New page: Lighting Build
[2020.03.17-18.24.44:439][414]LogEditorServer: Finished looking for orphan Actors (0.000 secs)
[2020.03.17-18.24.44:465][414]Cmd: MAP CHECKDEP NOCLEARLOG
[2020.03.17-18.24.44:524][414]MapCheck: Map check complete: 0 Error(s), 0 Warning(s), took 58.758ms to complete.
[2020.03.17-18.24.44:524][414]LogFileHelpers: Loading map 'Ocean_duphong' took 0.268
[2020.03.17-18.42.38:774][313]Cmd: QUIT_EDITOR
[2020.03.17-18.42.38:806][313]LogWindowsTextInputMethodSystem: Display: IME system now deactivated.
[2020.03.17-18.42.38:819][313]LogExit: Preparing to exit.
[2020.03.17-18.42.39:680][313]LogDirectoryWatcher: A directory notification for 'E:/UnrealEngine4/Env/Ocean/Content/' was aborted.
[2020.03.17-18.42.39:710][313]LogExit: Editor shut down
[2020.03.17-18.42.39:714][313]LogExit: Transaction tracking system shut down
[2020.03.17-18.42.39:915][313]LogDirectoryWatcher: A directory notification for '../../../Engine/Content/' was aborted.
[2020.03.17-18.42.39:915][313]LogDirectoryWatcher: A directory notification for '../../../../Env/Ocean/Content/' was aborted.
[2020.03.17-18.42.39:915][313]LogDirectoryWatcher: A directory notification for '../../../Engine/Plugins/2D/Paper2D/Content/' was aborted.
[2020.03.17-18.42.39:915][313]LogDirectoryWatcher: A directory notification for '../../../../Env/Ocean/Plugins/AirSim/Content/' was aborted.
[2020.03.17-18.42.39:915][313]LogDirectoryWatcher: A directory notification for '../../../Engine/Plugins/Media/MediaCompositing/Content/' was aborted.
[2020.03.17-18.42.39:915][313]LogDirectoryWatcher: A directory notification for '../../../Engine/Plugins/Runtime/AppleARKit/Content/' was aborted.
[2020.03.17-18.42.39:915][313]LogDirectoryWatcher: A directory notification for '../../../Engine/Plugins/Runtime/Oculus/OculusVR/Content/' was aborted.
[2020.03.17-18.42.39:915][313]LogDirectoryWatcher: A directory notification for '../../../Engine/Plugins/Runtime/Steam/SteamVR/Content/' was aborted.
[2020.03.17-18.42.39:967][313]LogExit: Object subsystem successfully closed.
[2020.03.17-18.42.39:987][313]LogD3D11RHI: Shutdown
[2020.03.17-18.42.39:987][313]LogD3D11RHI: CleanupD3DDevice
[2020.03.17-18.42.39:988][313]LogD3D11RHI: ~FD3D11DynamicRHI
[2020.03.17-18.42.39:995][313]LogModuleManager: Shutting down and abandoning module HierarchicalLODOutliner (550)
[2020.03.17-18.42.39:995][313]LogModuleManager: Shutting down and abandoning module SceneOutliner (548)
[2020.03.17-18.42.39:996][313]LogModuleManager: Shutting down and abandoning module AddContentDialog (546)
[2020.03.17-18.42.39:996][313]LogDirectoryWatcher: A directory notification for 'E:/UnrealEngine4/UE_4.18/FeaturePacks/' was aborted.
[2020.03.17-18.42.39:997][313]LogModuleManager: Shutting down and abandoning module WidgetCarousel (545)
[2020.03.17-18.42.39:997][313]LogModuleManager: Shutting down and abandoning module EditorWidgets (542)
[2020.03.17-18.42.39:997][313]LogModuleManager: Shutting down and abandoning module CollectionManager (540)
[2020.03.17-18.42.39:997][313]LogDirectoryWatcher: A directory notification for 'E:/UnrealEngine4/Env/Ocean/Content/Collections/' was aborted.
[2020.03.17-18.42.39:997][313]LogDirectoryWatcher: A directory notification for 'E:/UnrealEngine4/Env/Ocean/Content/Developers/AseLaboratory/Collections/' was aborted.
[2020.03.17-18.42.39:997][313]LogDirectoryWatcher: A directory notification for 'E:/UnrealEngine4/Env/Ocean/Saved/Collections/' was aborted.
[2020.03.17-18.42.39:997][313]LogModuleManager: Shutting down and abandoning module StatsViewer (538)
[2020.03.17-18.42.39:997][313]LogModuleManager: Shutting down and abandoning module FoliageEdit (536)
[2020.03.17-18.42.39:997][313]LogModuleManager: Shutting down and abandoning module LandscapeEditor (534)
[2020.03.17-18.42.39:997][313]LogModuleManager: Shutting down and abandoning module MeshPaintMode (532)
[2020.03.17-18.42.39:997][313]LogModuleManager: Shutting down and abandoning module SceneDepthPickerMode (530)
[2020.03.17-18.42.39:997][313]LogModuleManager: Shutting down and abandoning module ActorPickerMode (528)
[2020.03.17-18.42.39:997][313]LogModuleManager: Shutting down and abandoning module GeometryMode (526)
[2020.03.17-18.42.39:997][313]LogModuleManager: Shutting down and abandoning module TextureAlignMode (524)
[2020.03.17-18.42.39:997][313]LogModuleManager: Shutting down and abandoning module BspMode (522)
[2020.03.17-18.42.39:998][313]LogModuleManager: Shutting down and abandoning module PIEPreviewDeviceProfileSelector (520)
[2020.03.17-18.42.39:998][313]LogModuleManager: Shutting down and abandoning module HardwareSurvey (518)
[2020.03.17-18.42.39:998][313]LogModuleManager: Shutting down and abandoning module SequenceRecorderSections (516)
[2020.03.17-18.42.39:998][313]LogModuleManager: Shutting down and abandoning module AutomationWorker (514)
[2020.03.17-18.42.39:998][313]LogModuleManager: Shutting down and abandoning module MatineeToLevelSequence (512)
[2020.03.17-18.42.39:998][313]LogModuleManager: Shutting down and abandoning module LevelSequenceEditor (510)
[2020.03.17-18.42.39:998][313]LogModuleManager: Shutting down and abandoning module PlacementMode (509)
[2020.03.17-18.42.39:998][313]LogModuleManager: Shutting down and abandoning module WmfMediaFactory (506)
[2020.03.17-18.42.39:998][313]LogModuleManager: Shutting down and abandoning module WmfMediaEditor (504)
[2020.03.17-18.42.39:998][313]LogModuleManager: Shutting down and abandoning module OpenExrWrapper (502)
[2020.03.17-18.42.39:998][313]LogModuleManager: Shutting down and abandoning module ImgMediaFactory (500)
[2020.03.17-18.42.39:998][313]LogModuleManager: Shutting down and abandoning module ImgMediaEditor (498)
[2020.03.17-18.42.39:998][313]LogModuleManager: Shutting down and abandoning module AvfMediaFactory (496)
[2020.03.17-18.42.39:998][313]LogModuleManager: Shutting down and abandoning module AvfMediaEditor (494)
[2020.03.17-18.42.39:998][313]LogModuleManager: Shutting down and abandoning module AndroidMediaFactory (492)
[2020.03.17-18.42.39:998][313]LogModuleManager: Shutting down and abandoning module AndroidMediaEditor (490)
[2020.03.17-18.42.39:998][313]LogModuleManager: Shutting down and abandoning module CharacterAI (488)
[2020.03.17-18.42.39:998][313]LogModuleManager: Shutting down and abandoning module AudioCapture (486)
[2020.03.17-18.42.39:998][313]LogModuleManager: Shutting down and abandoning module SequenceRecorder (485)
[2020.03.17-18.42.39:998][313]LogModuleManager: Shutting down and abandoning module SmartSnapping (482)
[2020.03.17-18.42.39:998][313]LogModuleManager: Shutting down and abandoning module SessionServices (480)
[2020.03.17-18.42.39:998][313]LogModuleManager: Shutting down and abandoning module ViewportSnapping (478)
[2020.03.17-18.42.39:998][313]LogModuleManager: Shutting down and abandoning module ViewportInteraction (476)
[2020.03.17-18.42.39:998][313]LogModuleManager: Shutting down and abandoning module ClothPainter (474)
[2020.03.17-18.42.39:998][313]LogModuleManager: Shutting down and abandoning module SkeletalMeshEditor (473)
[2020.03.17-18.42.39:998][313]LogModuleManager: Shutting down and abandoning module LogVisualizer (470)
[2020.03.17-18.42.39:998][313]LogModuleManager: Shutting down and abandoning module IntroTutorials (468)
[2020.03.17-18.42.39:998][313]LogModuleManager: Shutting down and abandoning module GameProjectGeneration (467)
[2020.03.17-18.42.39:998][313]LogModuleManager: Shutting down and abandoning module IOSPlatformEditor (464)
[2020.03.17-18.42.39:998][313]LogModuleManager: Shutting down and abandoning module HTML5PlatformEditor (462)
[2020.03.17-18.42.39:998][313]LogModuleManager: Shutting down and abandoning module AndroidPlatformEditor (460)
[2020.03.17-18.42.39:998][313]LogModuleManager: Shutting down and abandoning module AndroidDeviceDetection (459)
[2020.03.17-18.42.40:158][313]LogModuleManager: Shutting down and abandoning module WindowsPlatformEditor (456)
[2020.03.17-18.42.40:158][313]LogModuleManager: Shutting down and abandoning module IOSRuntimeSettings (454)
[2020.03.17-18.42.40:158][313]LogModuleManager: Shutting down and abandoning module AndroidRuntimeSettings (452)
[2020.03.17-18.42.40:158][313]LogModuleManager: Shutting down and abandoning module InputBindingEditor (450)
[2020.03.17-18.42.40:158][313]LogModuleManager: Shutting down and abandoning module MergeActors (448)
[2020.03.17-18.42.40:158][313]LogModuleManager: Shutting down and abandoning module SizeMap (446)
[2020.03.17-18.42.40:158][313]LogModuleManager: Shutting down and abandoning module TreeMap (444)
[2020.03.17-18.42.40:158][313]LogModuleManager: Shutting down and abandoning module ReferenceViewer (442)
[2020.03.17-18.42.40:158][313]LogModuleManager: Shutting down and abandoning module LocalizationDashboard (440)
[2020.03.17-18.42.40:159][313]LogModuleManager: Shutting down and abandoning module LocalizationService (439)
[2020.03.17-18.42.40:159][313]LogModuleManager: Shutting down and abandoning module HardwareTargeting (436)
[2020.03.17-18.42.40:159][313]LogModuleManager: Shutting down and abandoning module DeviceProfileEditor (434)
[2020.03.17-18.42.40:159][313]LogModuleManager: Shutting down and abandoning module UndoHistory (432)
[2020.03.17-18.42.40:159][313]LogModuleManager: Shutting down and abandoning module XmlParser (430)
[2020.03.17-18.42.40:159][313]LogModuleManager: Shutting down and abandoning module Blutility (428)
[2020.03.17-18.42.40:159][313]LogModuleManager: Shutting down and abandoning module ProjectSettingsViewer (426)
[2020.03.17-18.42.40:159][313]LogModuleManager: Shutting down and abandoning module ProjectTargetPlatformEditor (425)
[2020.03.17-18.42.40:159][313]LogModuleManager: Shutting down and abandoning module EditorSettingsViewer (422)
[2020.03.17-18.42.40:159][313]LogModuleManager: Shutting down and abandoning module SettingsEditor (420)
[2020.03.17-18.42.40:159][313]LogModuleManager: Shutting down and abandoning module ProjectLauncher (418)
[2020.03.17-18.42.40:159][313]LogModuleManager: Shutting down and abandoning module SessionFrontend (416)
[2020.03.17-18.42.40:159][313]LogModuleManager: Shutting down and abandoning module ProfilerClient (414)
[2020.03.17-18.42.40:159][313]LogModuleManager: Shutting down and abandoning module DeviceManager (412)
[2020.03.17-18.42.40:159][313]LogModuleManager: Shutting down and abandoning module TargetDeviceServices (411)
[2020.03.17-18.42.40:212][313]LogModuleManager: Shutting down and abandoning module AutomationController (408)
[2020.03.17-18.42.40:212][313]LogModuleManager: Shutting down and abandoning module AutomationWindow (406)
[2020.03.17-18.42.40:212][313]LogModuleManager: Shutting down and abandoning module Layers (404)
[2020.03.17-18.42.40:212][313]LogModuleManager: Shutting down and abandoning module ComponentVisualizers (402)
[2020.03.17-18.42.40:212][313]LogModuleManager: Shutting down and abandoning module DetailCustomizations (400)
[2020.03.17-18.42.40:212][313]LogModuleManager: Shutting down and abandoning module PackagesDialog (398)
[2020.03.17-18.42.40:212][313]LogModuleManager: Shutting down and abandoning module Persona (396)
[2020.03.17-18.42.40:212][313]LogModuleManager: Shutting down and abandoning module AdvancedPreviewScene (395)
[2020.03.17-18.42.40:212][313]LogModuleManager: Shutting down and abandoning module AnimGraph (393)
[2020.03.17-18.42.40:212][313]LogModuleManager: Shutting down and abandoning module Kismet (390)
[2020.03.17-18.42.40:212][313]LogModuleManager: Shutting down and abandoning module ClassViewer (388)
[2020.03.17-18.42.40:212][313]LogModuleManager: Shutting down and abandoning module Toolbox (386)
[2020.03.17-18.42.40:212][313]LogModuleManager: Shutting down and abandoning module ModuleUI (384)
[2020.03.17-18.42.40:212][313]LogModuleManager: Shutting down and abandoning module MovieSceneTools (382)
[2020.03.17-18.42.40:212][313]LogModuleManager: Shutting down and abandoning module OutputLog (380)
[2020.03.17-18.42.40:213][313]LogModuleManager: Shutting down and abandoning module GammaUI (378)
[2020.03.17-18.42.40:213][313]LogModuleManager: Shutting down and abandoning module Documentation (376)
[2020.03.17-18.42.40:213][313]LogModuleManager: Shutting down and abandoning module MovieSceneTracks (374)
[2020.03.17-18.42.40:213][313]LogModuleManager: Shutting down and abandoning module MovieScene (372)
[2020.03.17-18.42.40:213][313]LogModuleManager: Shutting down and abandoning module StreamingPauseRendering (370)
[2020.03.17-18.42.40:213][313]LogModuleManager: Shutting down and abandoning module LauncherPlatform (368)
[2020.03.17-18.42.40:213][313]LogModuleManager: Shutting down and abandoning module AnalyticsET (366)
[2020.03.17-18.42.40:213][313]LogModuleManager: Shutting down and abandoning module PortalServices (364)
[2020.03.17-18.42.40:213][313]LogModuleManager: Shutting down and abandoning module PortalRpc (362)
[2020.03.17-18.42.40:213][313]LogModuleManager: Shutting down and abandoning module MessagingRpc (360)
[2020.03.17-18.42.40:213][313]LogModuleManager: Shutting down and abandoning module AIModule (358)
[2020.03.17-18.42.40:213][313]LogModuleManager: Shutting down and abandoning module GameplayDebugger (357)
[2020.03.17-18.42.40:213][313]LogModuleManager: Shutting down and abandoning module AITestSuite (355)
[2020.03.17-18.42.40:213][313]LogModuleManager: Shutting down and abandoning module DesktopPlatform (352)
[2020.03.17-18.42.40:213][313]LogModuleManager: Shutting down and abandoning module ProfilerService (350)
[2020.03.17-18.42.40:447][313]LogModuleManager: Shutting down and abandoning module TaskGraph (348)
[2020.03.17-18.42.40:447][313]LogModuleManager: Shutting down and abandoning module SteamVRController (346)
[2020.03.17-18.42.40:447][313]LogModuleManager: Shutting down and abandoning module ProceduralMeshComponentEditor (344)
[2020.03.17-18.42.40:447][313]LogModuleManager: Shutting down and abandoning module ProceduralMeshComponent (342)
[2020.03.17-18.42.40:447][313]LogModuleManager: Shutting down and abandoning module OculusInput (340)
[2020.03.17-18.42.40:447][313]LogModuleManager: Shutting down and abandoning module MobilePatchingUtils (338)
[2020.03.17-18.42.40:447][313]LogModuleManager: Shutting down and abandoning module CustomMeshComponent (336)
[2020.03.17-18.42.40:447][313]LogModuleManager: Shutting down and abandoning module CableComponent (334)
[2020.03.17-18.42.40:447][313]LogModuleManager: Shutting down and abandoning module ArchVisCharacter (332)
[2020.03.17-18.42.40:447][313]LogModuleManager: Shutting down and abandoning module AndroidPermission (330)
[2020.03.17-18.42.40:447][313]LogModuleManager: Shutting down and abandoning module ActorSequence (326)
[2020.03.17-18.42.40:447][313]LogModuleManager: Shutting down and abandoning module MediaPlayerEditor (324)
[2020.03.17-18.42.40:447][313]LogModuleManager: Shutting down and abandoning module MediaCompositingEditor (322)
[2020.03.17-18.42.40:448][313]LogModuleManager: Shutting down and abandoning module MediaCompositing (320)
[2020.03.17-18.42.40:448][313]LogModuleManager: Shutting down and abandoning module HTML5Networking (318)
[2020.03.17-18.42.40:448][313]LogModuleManager: Shutting down and abandoning module AlembicImporter (316)
[2020.03.17-18.42.40:448][313]LogModuleManager: Shutting down and abandoning module AlembicLibrary (315)
[2020.03.17-18.42.40:448][313]LogModuleManager: Shutting down and abandoning module GeometryCache (314)
[2020.03.17-18.42.40:448][313]LogModuleManager: Shutting down and abandoning module GeometryCacheEd (313)
[2020.03.17-18.42.40:448][313]LogModuleManager: Shutting down and abandoning module SpeedTreeImporter (308)
[2020.03.17-18.42.40:448][313]LogModuleManager: Shutting down and abandoning module PluginBrowser (306)
[2020.03.17-18.42.40:448][313]LogModuleManager: Shutting down and abandoning module MobileLauncherProfileWizard (304)
[2020.03.17-18.42.40:448][313]LogModuleManager: Shutting down and abandoning module VisualStudioSourceCodeAccess (302)
[2020.03.17-18.42.40:448][313]LogModuleManager: Shutting down and abandoning module VisualStudioCodeSourceCodeAccess (300)
[2020.03.17-18.42.40:448][313]LogModuleManager: Shutting down and abandoning module UObjectPlugin (298)
[2020.03.17-18.42.40:448][313]LogModuleManager: Shutting down and abandoning module SubversionSourceControl (296)
[2020.03.17-18.42.40:448][313]LogModuleManager: Shutting down and abandoning module PerforceSourceControl (294)
[2020.03.17-18.42.40:448][313]LogModuleManager: Shutting down and abandoning module GitSourceControl (292)
[2020.03.17-18.42.40:448][313]LogModuleManager: Shutting down and abandoning module SourceControl (291)
[2020.03.17-18.42.40:448][313]LogModuleManager: Shutting down and abandoning module LightPropagationVolumeEditor (288)
[2020.03.17-18.42.40:448][313]LogModuleManager: Shutting down and abandoning module PaperTiledImporter (286)
[2020.03.17-18.42.40:448][313]LogModuleManager: Shutting down and abandoning module PaperSpriteSheetImporter (284)
[2020.03.17-18.42.40:448][313]LogModuleManager: Shutting down and abandoning module Paper2DEditor (282)
[2020.03.17-18.42.40:448][313]LogModuleManager: Shutting down and abandoning module MeshPaint (281)
[2020.03.17-18.42.40:448][313]LogModuleManager: Shutting down and abandoning module LevelEditor (279)
[2020.03.17-18.42.40:449][313]LogModuleManager: Shutting down and abandoning module PixelInspectorModule (278)
[2020.03.17-18.42.40:449][313]LogModuleManager: Shutting down and abandoning module MainFrame (276)
[2020.03.17-18.42.40:449][313]LogModuleManager: Shutting down and abandoning module HotReload (275)
[2020.03.17-18.42.40:449][313]LogDirectoryWatcher: A directory notification for 'E:/UnrealEngine4/Env/Ocean/Plugins/AirSim/Binaries/Win64' was aborted.
[2020.03.17-18.42.40:449][313]LogModuleManager: Shutting down and abandoning module RuntimePhysXCooking (270)
[2020.03.17-18.42.40:449][313]LogModuleManager: Shutting down and abandoning module PhysXVehiclesEditor (268)
[2020.03.17-18.42.40:449][313]LogModuleManager: Shutting down and abandoning module PhysXVehicles (266)
[2020.03.17-18.42.40:449][313]LogModuleManager: Shutting down and abandoning module OculusEditor (264)
[2020.03.17-18.42.40:449][313]LogModuleManager: Shutting down and abandoning module LocationServicesBPLibrary (262)
[2020.03.17-18.42.40:449][313]LogModuleManager: Shutting down and abandoning module ImmediatePhysicsEditor (260)
[2020.03.17-18.42.40:449][313]LogModuleManager: Shutting down and abandoning module ImmediatePhysics (258)
[2020.03.17-18.42.40:449][313]LogModuleManager: Shutting down and abandoning module UdpMessaging (256)
[2020.03.17-18.42.40:550][313]LogModuleManager: Shutting down and abandoning module TcpMessaging (254)
[2020.03.17-18.42.40:650][313]LogModuleManager: Shutting down and abandoning module GameplayTagsEditor (252)
[2020.03.17-18.42.40:650][313]LogModuleManager: Shutting down and abandoning module FacialAnimationEditor (250)
[2020.03.17-18.42.40:650][313]LogModuleManager: Shutting down and abandoning module FacialAnimation (248)
[2020.03.17-18.42.40:650][313]LogModuleManager: Shutting down and abandoning module AssetManagerEditor (246)
[2020.03.17-18.42.40:650][313]LogModuleManager: Shutting down and abandoning module GraphEditor (245)
[2020.03.17-18.42.40:650][313]LogModuleManager: Shutting down and abandoning module ContentBrowser (243)
[2020.03.17-18.42.40:653][313]LogModuleManager: Shutting down and abandoning module LightPropagationVolumeRuntime (240)
[2020.03.17-18.42.40:653][313]LogModuleManager: Shutting down and abandoning module AirSim (238)
[2020.03.17-18.42.40:653][313]LogModuleManager: Shutting down and abandoning module Paper2D (236)
[2020.03.17-18.42.40:653][313]LogModuleManager: Shutting down and abandoning module WindowsMoviePlayer (234)
[2020.03.17-18.42.40:653][313]LogModuleManager: Shutting down and abandoning module WmfMedia (232)
[2020.03.17-18.42.40:658][313]LogModuleManager: Shutting down and abandoning module ImgMedia (230)
[2020.03.17-18.42.40:658][313]LogModuleManager: Shutting down and abandoning module PacketHandler (228)
[2020.03.17-18.42.40:658][313]LogModuleManager: Shutting down and abandoning module ClothingSystemEditor (226)
[2020.03.17-18.42.40:658][313]LogModuleManager: Shutting down and abandoning module ClothingSystemRuntime (224)
[2020.03.17-18.42.40:658][313]LogModuleManager: Shutting down and abandoning module MediaAssets (222)
[2020.03.17-18.42.40:658][313]LogModuleManager: Shutting down and abandoning module Media (221)
[2020.03.17-18.42.40:665][313]LogModuleManager: Shutting down and abandoning module Overlay (218)
[2020.03.17-18.42.40:665][313]LogModuleManager: Shutting down and abandoning module OverlayEditor (217)
[2020.03.17-18.42.40:665][313]LogModuleManager: Shutting down and abandoning module VREditor (214)
[2020.03.17-18.42.40:665][313]LogModuleManager: Shutting down and abandoning module StringTableEditor (212)
[2020.03.17-18.42.40:665][313]LogModuleManager: Shutting down and abandoning module GameplayTasksEditor (210)
[2020.03.17-18.42.40:665][313]LogModuleManager: Shutting down and abandoning module BehaviorTreeEditor (208)
[2020.03.17-18.42.40:665][313]LogModuleManager: Shutting down and abandoning module FunctionalTesting (206)
[2020.03.17-18.42.40:665][313]LogModuleManager: Shutting down and abandoning module CollisionAnalyzer (204)
[2020.03.17-18.42.40:665][313]LogModuleManager: Shutting down and abandoning module WorkspaceMenuStructure (203)
[2020.03.17-18.42.40:666][313]LogModuleManager: Shutting down and abandoning module UMG (200)
[2020.03.17-18.42.40:666][313]LogModuleManager: Shutting down and abandoning module UMGEditor (199)
[2020.03.17-18.42.40:666][313]LogModuleManager: Shutting down and abandoning module Sequencer (198)
[2020.03.17-18.42.40:666][313]LogModuleManager: Shutting down and abandoning module MessageLog (195)
[2020.03.17-18.42.40:666][313]LogModuleManager: Shutting down and abandoning module SlateReflector (190)
[2020.03.17-18.42.40:666][313]LogModuleManager: Shutting down and abandoning module Slate (188)
[2020.03.17-18.42.40:666][313]LogModuleManager: Shutting down and abandoning module EditorStyle (186)
[2020.03.17-18.42.40:671][313]LogModuleManager: Shutting down and abandoning module MRMesh (184)
[2020.03.17-18.42.40:671][313]LogModuleManager: Shutting down and abandoning module SourceCodeAccess (182)
[2020.03.17-18.42.40:671][313]LogModuleManager: Shutting down and abandoning module HeadMountedDisplay (180)
[2020.03.17-18.42.40:671][313]LogModuleManager: Shutting down and abandoning module XAudio2 (178)
[2020.03.17-18.42.40:671][313]LogModuleManager: Shutting down and abandoning module Networking (176)
[2020.03.17-18.42.40:671][313]LogModuleManager: Shutting down and abandoning module Core (172)
[2020.03.17-18.42.40:671][313]LogModuleManager: Shutting down and abandoning module LevelSequence (168)
[2020.03.17-18.42.40:671][313]LogModuleManager: Shutting down and abandoning module DirectoryWatcher (166)
[2020.03.17-18.42.40:674][313]LogModuleManager: Shutting down and abandoning module KismetCompiler (164)
[2020.03.17-18.42.40:674][313]LogModuleManager: Shutting down and abandoning module MeshUtilities (162)
[2020.03.17-18.42.40:674][313]LogModuleManager: Shutting down and abandoning module MeshMergeUtilities (161)
[2020.03.17-18.42.40:674][313]LogModuleManager: Shutting down and abandoning module MeshReductionInterface (160)
[2020.03.17-18.42.40:674][313]LogModuleManager: Shutting down and abandoning module SimplygonSwarm (159)
[2020.03.17-18.42.40:674][313]LogModuleManager: Shutting down and abandoning module SimplygonMeshReduction (157)
[2020.03.17-18.42.40:674][313]LogModuleManager: Shutting down and abandoning module QuadricMeshReduction (155)
[2020.03.17-18.42.40:674][313]LogModuleManager: Shutting down and abandoning module MaterialBaking (151)
[2020.03.17-18.42.40:674][313]LogModuleManager: Shutting down and abandoning module DerivedDataCache (148)
[2020.03.17-18.42.40:745][313]LogDerivedDataCache: Shutdown
[2020.03.17-18.42.40:745][313]LogModuleManager: Shutting down and abandoning module TargetPlatform (146)
[2020.03.17-18.42.40:745][313]LogModuleManager: Shutting down and abandoning module VulkanShaderFormat (145)
[2020.03.17-18.42.40:745][313]LogModuleManager: Shutting down and abandoning module ShaderFormatVectorVM (143)
[2020.03.17-18.42.40:745][313]LogModuleManager: Shutting down and abandoning module ShaderFormatOpenGL (141)
[2020.03.17-18.42.40:745][313]LogModuleManager: Shutting down and abandoning module ShaderFormatD3D (139)
[2020.03.17-18.42.40:745][313]LogModuleManager: Shutting down and abandoning module MetalShaderFormat (137)
[2020.03.17-18.42.40:745][313]LogModuleManager: Shutting down and abandoning module TextureFormatUncompressed (135)
[2020.03.17-18.42.40:745][313]LogModuleManager: Shutting down and abandoning module TextureFormatPVR (133)
[2020.03.17-18.42.40:745][313]LogModuleManager: Shutting down and abandoning module TextureFormatDXT (131)
[2020.03.17-18.42.40:745][313]LogModuleManager: Shutting down and abandoning module TextureFormatIntelISPCTexComp (129)
[2020.03.17-18.42.40:746][313]LogModuleManager: Shutting down and abandoning module TextureFormatASTC (127)
[2020.03.17-18.42.40:746][313]LogModuleManager: Shutting down and abandoning module ImageWrapper (126)
[2020.03.17-18.42.40:746][313]LogModuleManager: Shutting down and abandoning module TextureFormatAndroid (123)
[2020.03.17-18.42.40:746][313]LogModuleManager: Shutting down and abandoning module AudioFormatOpus (121)
[2020.03.17-18.42.40:746][313]LogModuleManager: Shutting down and abandoning module AudioFormatOgg (119)
[2020.03.17-18.42.40:746][313]LogModuleManager: Shutting down and abandoning module AudioFormatADPCM (117)
[2020.03.17-18.42.40:746][313]LogModuleManager: Shutting down and abandoning module LinuxTargetPlatform (115)
[2020.03.17-18.42.40:746][313]LogModuleManager: Shutting down and abandoning module LinuxServerTargetPlatform (113)
[2020.03.17-18.42.40:746][313]LogModuleManager: Shutting down and abandoning module LinuxNoEditorTargetPlatform (111)
[2020.03.17-18.42.40:746][313]LogModuleManager: Shutting down and abandoning module LinuxClientTargetPlatform (109)
[2020.03.17-18.42.40:746][313]LogModuleManager: Shutting down and abandoning module TVOSTargetPlatform (107)
[2020.03.17-18.42.40:746][313]LogModuleManager: Shutting down and abandoning module Messaging (105)
[2020.03.17-18.42.40:746][313]LogModuleManager: Shutting down and abandoning module IOSTargetPlatform (103)
[2020.03.17-18.42.40:746][313]LogModuleManager: Shutting down and abandoning module HTML5TargetPlatform (101)
[2020.03.17-18.42.40:746][313]LogModuleManager: Shutting down and abandoning module AndroidTargetPlatform (99)
[2020.03.17-18.42.40:746][313]LogModuleManager: Shutting down and abandoning module Android_PVRTCTargetPlatform (97)
[2020.03.17-18.42.40:746][313]LogModuleManager: Shutting down and abandoning module Android_MultiTargetPlatform (95)
[2020.03.17-18.42.40:746][313]LogModuleManager: Shutting down and abandoning module Android_ETC2TargetPlatform (93)
[2020.03.17-18.42.40:746][313]LogModuleManager: Shutting down and abandoning module Android_ETC1TargetPlatform (91)
[2020.03.17-18.42.40:746][313]LogModuleManager: Shutting down and abandoning module Android_DXTTargetPlatform (89)
[2020.03.17-18.42.40:746][313]LogModuleManager: Shutting down and abandoning module Android_ATCTargetPlatform (87)
[2020.03.17-18.42.40:746][313]LogModuleManager: Shutting down and abandoning module Android_ASTCTargetPlatform (85)
[2020.03.17-18.42.40:747][313]LogModuleManager: Shutting down and abandoning module WindowsTargetPlatform (83)
[2020.03.17-18.42.40:747][313]LogModuleManager: Shutting down and abandoning module WindowsServerTargetPlatform (81)
[2020.03.17-18.42.40:747][313]LogModuleManager: Shutting down and abandoning module WindowsNoEditorTargetPlatform (79)
[2020.03.17-18.42.40:747][313]LogModuleManager: Shutting down and abandoning module WindowsClientTargetPlatform (77)
[2020.03.17-18.42.40:747][313]LogModuleManager: Shutting down and abandoning module MacTargetPlatform (75)
[2020.03.17-18.42.40:747][313]LogModuleManager: Shutting down and abandoning module MacServerTargetPlatform (73)
[2020.03.17-18.42.40:747][313]LogModuleManager: Shutting down and abandoning module MacNoEditorTargetPlatform (71)
[2020.03.17-18.42.40:747][313]LogModuleManager: Shutting down and abandoning module MacClientTargetPlatform (69)
[2020.03.17-18.42.40:747][313]LogModuleManager: Shutting down and abandoning module AllDesktopTargetPlatform (67)
[2020.03.17-18.42.40:747][313]LogModuleManager: Shutting down and abandoning module InputCore (64)
[2020.03.17-18.42.40:747][313]LogModuleManager: Shutting down and abandoning module Settings (62)
[2020.03.17-18.42.40:747][313]LogModuleManager: Shutting down and abandoning module PhysXCooking (60)
[2020.03.17-18.42.40:747][313]LogModuleManager: Shutting down and abandoning module SteamVR (58)
[2020.03.17-18.42.40:747][313]LogModuleManager: Shutting down and abandoning module OculusHMD (56)
[2020.03.17-18.42.40:747][313]LogModuleManager: Shutting down and abandoning module ExampleDeviceProfileSelector (54)
[2020.03.17-18.42.40:747][313]LogModuleManager: Shutting down and abandoning module AppleARKit (52)
[2020.03.17-18.42.40:747][313]LogModuleManager: Shutting down and abandoning module AugmentedReality (51)
[2020.03.17-18.42.40:747][313]LogModuleManager: Shutting down and abandoning module OnlineBlueprintSupport (48)
[2020.03.17-18.42.40:747][313]LogModuleManager: Shutting down and abandoning module OnlineSubsystem (44)
[2020.03.17-18.42.40:747][313]LogModuleManager: Shutting down and abandoning module XMPP (43)
[2020.03.17-18.42.40:748][313]LogModuleManager: Shutting down and abandoning module HTTP (41)
[2020.03.17-18.42.40:748][313]LogHttp: Display: Http module shutting down, but needs to wait on 1 outstanding Http requests:
[2020.03.17-18.42.40:748][313]LogHttp: Display: 	verb=[POST] url=[https://datarouter.ol.epicgames.com/datarouter/api/v1/public/data?SessionID=%7BD454B4A5-43CB-B833-3C78-3AB3C2917114%7D&AppID=UEEditor.Rocket.Release&AppVersion=4.18.3-3832480%2B%2B%2BUE4%2BRelease-4.18&UserID=f3e37b174b9654fa04d04c9be422b140%7Cb20f97f8c7ea4bc5aad5f284ae647253%7C4f9b83d2-06e1-44aa-8e7b-5318eaee3328&AppEnvironment=datacollector-binary&UploadType=eteventstream] status=Processing
[2020.03.17-18.42.40:771][313]LogModuleManager: Shutting down and abandoning module SSL (40)
[2020.03.17-18.42.40:774][313]LogModuleManager: Shutting down and abandoning module AnimationModifiers (36)
[2020.03.17-18.42.40:774][313]LogModuleManager: Shutting down and abandoning module PropertyEditor (35)
[2020.03.17-18.42.40:774][313]LogModuleManager: Shutting down and abandoning module AudioEditor (32)
[2020.03.17-18.42.40:774][313]LogModuleManager: Shutting down and abandoning module TextureCompressor (30)
[2020.03.17-18.42.40:775][313]LogModuleManager: Shutting down and abandoning module ShaderCore (28)
[2020.03.17-18.42.40:775][313]LogModuleManager: Shutting down and abandoning module Landscape (26)
[2020.03.17-18.42.40:775][313]LogModuleManager: Shutting down and abandoning module SlateRHIRenderer (24)
[2020.03.17-18.42.40:777][313]LogModuleManager: Shutting down and abandoning module OpenGLDrv (22)
[2020.03.17-18.42.40:777][313]LogModuleManager: Shutting down and abandoning module D3D11RHI (20)
[2020.03.17-18.42.40:777][313]LogModuleManager: Shutting down and abandoning module AnimGraphRuntime (18)
[2020.03.17-18.42.40:777][313]LogModuleManager: Shutting down and abandoning module Renderer (16)
[2020.03.17-18.42.40:777][313]LogModuleManager: Shutting down and abandoning module Engine (14)
[2020.03.17-18.42.40:777][313]LogModuleManager: Shutting down and abandoning module CoreUObject (12)
[2020.03.17-18.42.40:777][313]LogModuleManager: Shutting down and abandoning module NetworkFile (10)
[2020.03.17-18.42.40:777][313]LogModuleManager: Shutting down and abandoning module CookedIterativeFile (8)
[2020.03.17-18.42.40:777][313]LogModuleManager: Shutting down and abandoning module StreamingFile (6)
[2020.03.17-18.42.40:777][313]LogModuleManager: Shutting down and abandoning module SandboxFile (4)
[2020.03.17-18.42.40:777][313]LogModuleManager: Shutting down and abandoning module PakFile (2)
[2020.03.17-18.42.40:786][313]LogExit: Exiting.
[2020.03.17-18.42.40:807][313]Log file closed, 03/18/20 01:42:40
