Log file open, 01/10/20 15:46:32
LogPlatformFile: Not using cached read wrapper
LogInit: Display: RandInit(698398576) SRandInit(698398576).
LogTaskGraph: Started task graph with 4 named threads and 7 total threads with 1 sets of task threads.
LogInit: Build: ++UE4+Release-4.18-CL-0
LogInit: Engine Version: 4.18.3-0+++UE4+Release-4.18
LogInit: Compatible Engine Version: 4.18.0-0+++UE4+Release-4.18
LogInit: Net CL: 0
LogInit: Compiled (64-bit): Nov 11 2019 23:41:28
LogInit: Compiled with Clang: 3.9.1 (tags/RELEASE_391/rc2)
LogInit: Build Configuration: Shipping
LogInit: Branch Name: ++UE4+Release-4.18
LogInit: Command line:  -Abslog=/home/ase-lab/Desktop/AirSim/Unreal/Environments/Ocean/Saved/Logs/Ocean-CRC.log -Unattended /home/ase-lab/Desktop/AirSim/Unreal/Environments/Ocean/Saved/Crashes/ensureinfo-Ocean-pid-8136-3DD41A8E20010F0A002E030129A00117/
LogInit: Base directory: /home/ase-lab/Desktop/UnrealEngine/Engine/Binaries/Linux/
LogInit: Installed Engine Build: 1
LogInit: Presizing for max 100000 objects, including 0 objects not considered by GC, pre-allocating 0 bytes for permanent pool.
LogInit: Object subsystem initialized
[2020.01.10-08.46.32:905][  0]LogInit: Linux hardware info:
[2020.01.10-08.46.32:905][  0]LogInit:  - we are the first instance of this executable
[2020.01.10-08.46.32:905][  0]LogInit:  - this process' id (pid) is 8440, parent process' id (ppid) is 8136
[2020.01.10-08.46.32:905][  0]LogInit:  - we are not running under debugger
[2020.01.10-08.46.32:905][  0]LogInit:  - machine network name is 'aselab-HP-ZBook-15-G2'
[2020.01.10-08.46.32:905][  0]LogInit:  - user name is 'aselab' (aselab)
[2020.01.10-08.46.32:905][  0]LogInit:  - we're logged in locally
[2020.01.10-08.46.32:905][  0]LogInit:  - we're running with rendering
[2020.01.10-08.46.32:905][  0]LogInit:  - CPU: GenuineIntel 'Intel(R) Core(TM) i7-4910MQ CPU @ 2.90GHz' (signature: 0x306C3)
[2020.01.10-08.46.32:905][  0]LogInit:  - Number of physical cores available for the process: 4
[2020.01.10-08.46.32:905][  0]LogInit:  - Number of logical cores available for the process: 8
[2020.01.10-08.46.32:905][  0]LogInit:  - Cache line size: 64
[2020.01.10-08.46.32:905][  0]LogInit:  - Memory allocator used: binned2
[2020.01.10-08.46.32:905][  0]LogLinux: Skipped benchmarking clocks because the engine is running in a standalone program mode - CLOCK_REALTIME will be used.
[2020.01.10-08.46.32:905][  0]LogInit: Linux-specific commandline switches:
[2020.01.10-08.46.32:905][  0]LogInit:  -nodwarf (currently OFF): suppress parsing of DWARF debug info (callstacks will be generated faster, but won't have line numbers)
[2020.01.10-08.46.32:905][  0]LogInit:  -ansimalloc - use malloc()/free() from libc (useful for tools like valgrind and electric fence)
[2020.01.10-08.46.32:905][  0]LogInit:  -jemalloc - use jemalloc for all memory allocation
[2020.01.10-08.46.32:905][  0]LogInit:  -binnedmalloc - use binned malloc  for all memory allocation
[2020.01.10-08.46.32:905][  0]LogInit:  -httpproxy=ADDRESS:PORT - redirects HTTP requests to a proxy (only supported if compiled with libcurl)
[2020.01.10-08.46.32:905][  0]LogInit:  -reuseconn - allow libcurl to reuse HTTP connections (only matters if compiled with libcurl)
[2020.01.10-08.46.32:905][  0]LogInit:  -virtmemkb=NUMBER - sets process virtual memory (address space) limit (overrides VirtualMemoryLimitInKB value from .ini)
[2020.01.10-08.46.32:905][  0]LogInit:  - Physical RAM available (not considering process quota): 16 GB (15955 MB, 16338832 KB, 16730963968 bytes)
[2020.01.10-08.46.32:907][  0]LogUObjectArray: 149 objects as part of root set at end of initial load.
[2020.01.10-08.46.32:907][  0]LogUObjectAllocator: 23272 out of 0 bytes used by permanent object pool.
[2020.01.10-08.46.32:907][  0]LogUObjectArray: CloseDisregardForGC: 0/0 objects in disregard for GC pool
[2020.01.10-08.46.32:907][  0]LogInit: Using OS detected language ().
[2020.01.10-08.46.32:907][  0]LogInit: Using OS detected locale ().
[2020.01.10-08.46.32:907][  0]LogTextLocalizationManager: No localization for '' exists, so 'en' will be used for the language.
[2020.01.10-08.46.32:907][  0]LogTextLocalizationManager: No localization for '' exists, so 'en' will be used for the locale.
[2020.01.10-08.46.32:910][  0]CrashReportClientLog: CrashReportClientVersion=1.0
[2020.01.10-08.46.32:910][  0]CrashReportClientLog: CrashReportReceiver disabled
[2020.01.10-08.46.32:910][  0]CrashReportClientLog: DataRouterUrl: https://datarouter.ol.epicgames.com/datarouter/api/v1/public/data
[2020.01.10-08.46.32:911][  0]CrashReportClientLog: Initial state = Unknown UploadState value
[2020.01.10-08.46.32:911][  0]CrashReportClientLog: Initial state = Unknown UploadState value
[2020.01.10-08.46.32:911][  0]LogCrashDebugHelper: DepotName: //UE4/Release-4.18
[2020.01.10-08.46.32:911][  0]LogCrashDebugHelper: BuiltFromCL: 0
[2020.01.10-08.46.32:911][  0]LogCrashDebugHelper: EngineVersion: 4.18.3-0+++UE4+Release-4.18
[2020.01.10-08.46.32:911][  0]LogCrashDebugHelper: BuildVersion: ++UE4+Release-4.18-CL-0
[2020.01.10-08.46.32:911][  0]LogCrashDebugHelper: Warning: CrashDebugHelperConfig invalid
[2020.01.10-08.46.32:911][  0]LogCrashDebugHelper: Warning: PDB Cache disabled
[2020.01.10-08.46.33:881][  0]CrashReportClientLog: Got 5 pending files to upload from 'ensureinfo-Ocean-pid-8136-3DD41A8E20010F0A002E030129A00117'
[2020.01.10-08.46.33:881][  0]CrashReportClientLog: State change from Ready to SendingFiles
[2020.01.10-08.46.33:881][  0]CrashReportClientLog: CompressAndSendData have 5 pending files
[2020.01.10-08.46.33:881][  0]CrashReportClientLog: CompressAndSendData compressing 4 bytes ('/home/ase-lab/Desktop/AirSim/Unreal/Environments/Ocean/Saved/Crashes/ensureinfo-Ocean-pid-8136-3DD41A8E20010F0A002E030129A00117/minidump.dmp')
[2020.01.10-08.46.33:881][  0]CrashReportClientLog: CompressAndSendData compressing 87299 bytes ('/home/ase-lab/Desktop/AirSim/Unreal/Environments/Ocean/Saved/Crashes/ensureinfo-Ocean-pid-8136-3DD41A8E20010F0A002E030129A00117/Ocean.log')
[2020.01.10-08.46.33:881][  0]CrashReportClientLog: CompressAndSendData compressing 1928 bytes ('/home/ase-lab/Desktop/AirSim/Unreal/Environments/Ocean/Saved/Crashes/ensureinfo-Ocean-pid-8136-3DD41A8E20010F0A002E030129A00117/wermeta.xml')
[2020.01.10-08.46.33:881][  0]CrashReportClientLog: CompressAndSendData compressing 108 bytes ('/home/ase-lab/Desktop/AirSim/Unreal/Environments/Ocean/Saved/Crashes/ensureinfo-Ocean-pid-8136-3DD41A8E20010F0A002E030129A00117/CrashReportClient.ini')
[2020.01.10-08.46.33:881][  0]CrashReportClientLog: CompressAndSendData compressing 2912 bytes ('/home/ase-lab/Desktop/AirSim/Unreal/Environments/Ocean/Saved/Crashes/ensureinfo-Ocean-pid-8136-3DD41A8E20010F0A002E030129A00117/Diagnostics.txt')
[2020.01.10-08.46.33:895][  0]LogInit: Using libcurl 7.48.0-DEV
[2020.01.10-08.46.33:895][  0]LogInit:  - built for x86_64-unknown-linux-gnu
[2020.01.10-08.46.33:895][  0]LogInit:  - supports SSL with OpenSSL/1.0.2h
[2020.01.10-08.46.33:895][  0]LogInit:  - supports HTTP deflate (compression) using libz 1.2.8
[2020.01.10-08.46.33:895][  0]LogInit:  - other features:
[2020.01.10-08.46.33:895][  0]LogInit:      CURL_VERSION_SSL
[2020.01.10-08.46.33:895][  0]LogInit:      CURL_VERSION_LIBZ
[2020.01.10-08.46.33:895][  0]LogInit:      CURL_VERSION_IPV6
[2020.01.10-08.46.33:895][  0]LogInit:      CURL_VERSION_ASYNCHDNS
[2020.01.10-08.46.33:895][  0]LogInit:      CURL_VERSION_LARGEFILE
[2020.01.10-08.46.33:895][  0]LogInit:      CURL_VERSION_TLSAUTH_SRP
[2020.01.10-08.46.33:895][  0]LogInit:  Libcurl: checking if '/etc/pki/tls/certs/ca-bundle.crt' exists
[2020.01.10-08.46.33:895][  0]LogInit:  Libcurl: checking if '/etc/ssl/certs/ca-certificates.crt' exists
[2020.01.10-08.46.33:895][  0]LogInit:  CurlRequestOptions (configurable via config and command line):
[2020.01.10-08.46.33:895][  0]LogInit:  - bVerifyPeer = true  - Libcurl will verify peer certificate
[2020.01.10-08.46.33:895][  0]LogInit:  - bUseHttpProxy = false  - Libcurl will NOT use HTTP proxy
[2020.01.10-08.46.33:895][  0]LogInit:  - bDontReuseConnections = false  - Libcurl will reuse connections
[2020.01.10-08.46.33:895][  0]LogInit:  - CertBundlePath = /etc/ssl/certs/ca-certificates.crt  - Libcurl will set CURLOPT_CAINFO to it
[2020.01.10-08.46.33:895][  0]CrashReportClientLog: Sending HTTP request: https://datarouter.ol.epicgames.com/datarouter/api/v1/public/data?AppID=CrashReporter&AppVersion=4.18.3-0%2B%2B%2BUE4%2BRelease-4.18&AppEnvironment=Release&UploadType=crashreports&UserID=00023d7b0e080e0d00360228f260660a%7C%7Cbbada5cfcc9a4a80ac8dc5ce6d9f53aa
[2020.01.10-08.46.35:183][  0]CrashReportClientLog: OnProcessRequestComplete(), State=SendingFiles bSucceeded=1
[2020.01.10-08.46.35:183][  0]CrashReportClientLog: State change from SendingFiles to SendingFiles
[2020.01.10-08.46.35:183][  0]CrashReportClientLog: All uploads done
[2020.01.10-08.46.35:183][  0]CrashReportClientLog: State change from SendingFiles to Finished
[2020.01.10-08.46.35:884][  0]LogLinux: FLinuxPlatformMisc::RequestExit(0)
[2020.01.10-08.46.35:884][  0]LogGenericPlatformMisc: FPlatformMisc::RequestExit(0)
[2020.01.10-08.46.35:917][  0]CrashReportClientLog: Final state (Receiver) = Finished
[2020.01.10-08.46.35:917][  0]CrashReportClientLog: Final state (Receiver) = Unknown UploadState value
[2020.01.10-08.46.35:917][  0]LogExit: Preparing to exit.
[2020.01.10-08.46.35:918][  0]LogExit: Object subsystem successfully closed.
[2020.01.10-08.46.35:919][  0]LogModuleManager: Shutting down and abandoning module HTTP (8)
[2020.01.10-08.46.35:929][  0]LogModuleManager: Shutting down and abandoning module SSL (7)
[2020.01.10-08.46.35:930][  0]LogModuleManager: Shutting down and abandoning module CrashDebugHelper (4)
[2020.01.10-08.46.35:930][  0]LogModuleManager: Shutting down and abandoning module CoreUObject (2)
[2020.01.10-08.46.35:930][  0]LogExit: Exiting.
[2020.01.10-08.46.35:931][  0]Log file closed, 01/10/20 15:46:35
