Log file open, 03/22/20 14:55:15
LogWindows: Failed to load 'aqProf.dll' (GetLastError=126)
LogWindows: File 'aqProf.dll' does not exist
LogWindows: Failed to load 'VSPerf140.dll' (GetLastError=126)
LogWindows: File 'VSPerf140.dll' does not exist
LogWindows: Failed to load 'VtuneApi.dll' (GetLastError=126)
LogWindows: File 'VtuneApi.dll' does not exist
LogWindows: Failed to load 'VtuneApi32e.dll' (GetLastError=126)
LogWindows: File 'VtuneApi32e.dll' does not exist
LogInit: Display: Running engine for game: Ocean
LogPlatformFile: Not using cached read wrapper
LogInit: Display: RandInit(236445682) SRandInit(236445682).
LogInit: Read version file with build ID '3709383'
LogInit: Overriding engine version to CL 3832480, compatible CL 3709383
LogInit: Registered custom module enumerator with build ID '3709383'
LogTaskGraph: Started task graph with 5 named threads and 14 total threads with 3 sets of task threads.
LogStats: Stats thread started at 0.177518
LogD3D11RHI: Aftermath initialized
LogModuleManager: Display: Found up-to-date module file ../../../../Env/Ocean/Plugins/AirSim/Binaries/Win64/UE4Editor-AirSim.dll (API version 3709383).
LogModuleManager: Display: Found up-to-date module file ../../../Engine/Plugins/Runtime/PhysXVehicles/Binaries/Win64/UE4Editor-PhysXVehicles.dll (API version 3709383).
LogModuleManager: Display: Found up-to-date module file ../../../Engine/Plugins/Runtime/PhysXVehicles/Binaries/Win64/UE4Editor-PhysXVehiclesEditor.dll (API version 3709383).
LogModuleManager: Display: Found up-to-date module file ../../../Engine/Plugins/2D/Paper2D/Binaries/Win64/UE4Editor-Paper2D.dll (API version 3709383).
LogModuleManager: Display: Found up-to-date module file ../../../Engine/Plugins/2D/Paper2D/Binaries/Win64/UE4Editor-Paper2DEditor.dll (API version 3709383).
LogModuleManager: Display: Found up-to-date module file ../../../Engine/Plugins/2D/Paper2D/Binaries/Win64/UE4Editor-PaperSpriteSheetImporter.dll (API version 3709383).
LogModuleManager: Display: Found up-to-date module file ../../../Engine/Plugins/2D/Paper2D/Binaries/Win64/UE4Editor-PaperTiledImporter.dll (API version 3709383).
LogModuleManager: Display: Found up-to-date module file ../../../Engine/Plugins/2D/Paper2D/Binaries/Win64/UE4Editor-SmartSnapping.dll (API version 3709383).
LogModuleManager: Display: Found up-to-date module file ../../../Engine/Plugins/Blendables/LightPropagationVolume/Binaries/Win64/UE4Editor-LightPropagationVolumeRuntime.dll (API version 3709383).
LogModuleManager: Display: Found up-to-date module file ../../../Engine/Plugins/Blendables/LightPropagationVolume/Binaries/Win64/UE4Editor-LightPropagationVolumeEditor.dll (API version 3709383).
LogModuleManager: Display: Found up-to-date module file ../../../Engine/Plugins/Developer/GitSourceControl/Binaries/Win64/UE4Editor-GitSourceControl.dll (API version 3709383).
LogModuleManager: Display: Found up-to-date module file ../../../Engine/Plugins/Developer/PerforceSourceControl/Binaries/Win64/UE4Editor-PerforceSourceControl.dll (API version 3709383).
LogModuleManager: Display: Found up-to-date module file ../../../Engine/Plugins/Developer/SubversionSourceControl/Binaries/Win64/UE4Editor-SubversionSourceControl.dll (API version 3709383).
LogModuleManager: Display: Found up-to-date module file ../../../Engine/Plugins/Developer/UObjectPlugin/Binaries/Win64/UE4Editor-UObjectPlugin.dll (API version 3709383).
LogModuleManager: Display: Found up-to-date module file ../../../Engine/Plugins/Developer/VisualStudioCodeSourceCodeAccess/Binaries/Win64/UE4Editor-VisualStudioCodeSourceCodeAccess.dll (API version 3709383).
LogModuleManager: Display: Found up-to-date module file ../../../Engine/Plugins/Developer/VisualStudioSourceCodeAccess/Binaries/Win64/UE4Editor-VisualStudioSourceCodeAccess.dll (API version 3709383).
LogModuleManager: Display: Found up-to-date module file ../../../Engine/Plugins/Editor/AssetManagerEditor/Binaries/Win64/UE4Editor-AssetManagerEditor.dll (API version 3709383).
LogModuleManager: Display: Found up-to-date module file ../../../Engine/Plugins/Editor/AudioCapture/Binaries/Win64/UE4Editor-AudioCapture.dll (API version 3709383).
LogModuleManager: Display: Found up-to-date module file ../../../Engine/Plugins/Editor/FacialAnimation/Binaries/Win64/UE4Editor-FacialAnimation.dll (API version 3709383).
LogModuleManager: Display: Found up-to-date module file ../../../Engine/Plugins/Editor/FacialAnimation/Binaries/Win64/UE4Editor-FacialAnimationEditor.dll (API version 3709383).
LogModuleManager: Display: Found up-to-date module file ../../../Engine/Plugins/Editor/GameplayTagsEditor/Binaries/Win64/UE4Editor-GameplayTagsEditor.dll (API version 3709383).
LogModuleManager: Display: Found up-to-date module file ../../../Engine/Plugins/Editor/MobileLauncherProfileWizard/Binaries/Win64/UE4Editor-MobileLauncherProfileWizard.dll (API version 3709383).
LogModuleManager: Display: Found up-to-date module file ../../../Engine/Plugins/Editor/PluginBrowser/Binaries/Win64/UE4Editor-PluginBrowser.dll (API version 3709383).
LogModuleManager: Display: Found up-to-date module file ../../../Engine/Plugins/Editor/SpeedTreeImporter/Binaries/Win64/UE4Editor-SpeedTreeImporter.dll (API version 3709383).
LogModuleManager: Display: Found up-to-date module file ../../../Engine/Plugins/Experimental/AlembicImporter/Binaries/Win64/UE4Editor-AlembicImporter.dll (API version 3709383).
LogModuleManager: Display: Found up-to-date module file ../../../Engine/Plugins/Experimental/AlembicImporter/Binaries/Win64/UE4Editor-AlembicLibrary.dll (API version 3709383).
LogModuleManager: Display: Found up-to-date module file ../../../Engine/Plugins/Experimental/CharacterAI/Binaries/Win64/UE4Editor-CharacterAI.dll (API version 3709383).
LogModuleManager: Display: Found up-to-date module file ../../../Engine/Plugins/Experimental/HTML5Networking/Binaries/Win64/UE4Editor-HTML5Networking.dll (API version 3709383).
LogModuleManager: Display: Found up-to-date module file ../../../Engine/Plugins/Media/AndroidMedia/Binaries/Win64/UE4Editor-AndroidMediaEditor.dll (API version 3709383).
LogModuleManager: Display: Found up-to-date module file ../../../Engine/Plugins/Media/AndroidMedia/Binaries/Win64/UE4Editor-AndroidMediaFactory.dll (API version 3709383).
LogModuleManager: Display: Found up-to-date module file ../../../Engine/Plugins/Media/AvfMedia/Binaries/Win64/UE4Editor-AvfMediaEditor.dll (API version 3709383).
LogModuleManager: Display: Found up-to-date module file ../../../Engine/Plugins/Media/AvfMedia/Binaries/Win64/UE4Editor-AvfMediaFactory.dll (API version 3709383).
LogModuleManager: Display: Found up-to-date module file ../../../Engine/Plugins/Media/AvfMedia/Binaries/Win64/UE4Editor-AvfMediaFactory.dll (API version 3709383).
LogModuleManager: Display: Found up-to-date module file ../../../Engine/Plugins/Media/ImgMedia/Binaries/Win64/UE4Editor-ImgMedia.dll (API version 3709383).
LogModuleManager: Display: Found up-to-date module file ../../../Engine/Plugins/Media/ImgMedia/Binaries/Win64/UE4Editor-ImgMediaEditor.dll (API version 3709383).
LogModuleManager: Display: Found up-to-date module file ../../../Engine/Plugins/Media/ImgMedia/Binaries/Win64/UE4Editor-ImgMediaFactory.dll (API version 3709383).
LogModuleManager: Display: Found up-to-date module file ../../../Engine/Plugins/Media/ImgMedia/Binaries/Win64/UE4Editor-ImgMediaFactory.dll (API version 3709383).
LogModuleManager: Display: Found up-to-date module file ../../../Engine/Plugins/Media/ImgMedia/Binaries/Win64/UE4Editor-OpenExrWrapper.dll (API version 3709383).
LogModuleManager: Display: Found up-to-date module file ../../../Engine/Plugins/Media/MediaCompositing/Binaries/Win64/UE4Editor-MediaCompositing.dll (API version 3709383).
LogModuleManager: Display: Found up-to-date module file ../../../Engine/Plugins/Media/MediaCompositing/Binaries/Win64/UE4Editor-MediaCompositingEditor.dll (API version 3709383).
LogModuleManager: Display: Found up-to-date module file ../../../Engine/Plugins/Media/MediaPlayerEditor/Binaries/Win64/UE4Editor-MediaPlayerEditor.dll (API version 3709383).
LogModuleManager: Display: Found up-to-date module file ../../../Engine/Plugins/Media/WmfMedia/Binaries/Win64/UE4Editor-WmfMedia.dll (API version 3709383).
LogModuleManager: Display: Found up-to-date module file ../../../Engine/Plugins/Media/WmfMedia/Binaries/Win64/UE4Editor-WmfMediaEditor.dll (API version 3709383).
LogModuleManager: Display: Found up-to-date module file ../../../Engine/Plugins/Media/WmfMedia/Binaries/Win64/UE4Editor-WmfMediaFactory.dll (API version 3709383).
LogModuleManager: Display: Found up-to-date module file ../../../Engine/Plugins/Media/WmfMedia/Binaries/Win64/UE4Editor-WmfMediaFactory.dll (API version 3709383).
LogModuleManager: Display: Found up-to-date module file ../../../Engine/Plugins/Messaging/TcpMessaging/Binaries/Win64/UE4Editor-TcpMessaging.dll (API version 3709383).
LogModuleManager: Display: Found up-to-date module file ../../../Engine/Plugins/Messaging/UdpMessaging/Binaries/Win64/UE4Editor-UdpMessaging.dll (API version 3709383).
LogModuleManager: Display: Found up-to-date module file ../../../Engine/Plugins/MovieScene/ActorSequence/Binaries/Win64/UE4Editor-ActorSequence.dll (API version 3709383).
LogModuleManager: Display: Found up-to-date module file ../../../Engine/Plugins/MovieScene/LevelSequenceEditor/Binaries/Win64/UE4Editor-LevelSequenceEditor.dll (API version 3709383).
LogModuleManager: Display: Found up-to-date module file ../../../Engine/Plugins/MovieScene/MatineeToLevelSequence/Binaries/Win64/UE4Editor-MatineeToLevelSequence.dll (API version 3709383).
LogModuleManager: Display: Found up-to-date module file ../../../Engine/Plugins/Online/OnlineSubsystem/Binaries/Win64/UE4Editor-OnlineSubsystem.dll (API version 3709383).
LogModuleManager: Display: Found up-to-date module file ../../../Engine/Plugins/Runtime/AndroidPermission/Binaries/Win64/UE4Editor-AndroidPermission.dll (API version 3709383).
LogModuleManager: Display: Found up-to-date module file ../../../Engine/Plugins/Online/OnlineSubsystemNull/Binaries/Win64/UE4Editor-OnlineSubsystemNull.dll (API version 3709383).
LogModuleManager: Display: Found up-to-date module file ../../../Engine/Plugins/Online/OnlineSubsystemUtils/Binaries/Win64/UE4Editor-OnlineSubsystemUtils.dll (API version 3709383).
LogModuleManager: Display: Found up-to-date module file ../../../Engine/Plugins/Online/OnlineSubsystemUtils/Binaries/Win64/UE4Editor-OnlineBlueprintSupport.dll (API version 3709383).
LogModuleManager: Display: Found up-to-date module file ../../../Engine/Plugins/Runtime/AndroidDeviceProfileSelector/Binaries/Win64/UE4Editor-AndroidDeviceProfileSelector.dll (API version 3709383).
LogModuleManager: Display: Found up-to-date module file ../../../Engine/Plugins/Runtime/AppleARKit/Binaries/Win64/UE4Editor-AppleARKit.dll (API version 3709383).
LogModuleManager: Display: Found up-to-date module file ../../../Engine/Plugins/Runtime/ArchVisCharacter/Binaries/Win64/UE4Editor-ArchVisCharacter.dll (API version 3709383).
LogModuleManager: Display: Found up-to-date module file ../../../Engine/Plugins/Runtime/CableComponent/Binaries/Win64/UE4Editor-CableComponent.dll (API version 3709383).
LogModuleManager: Display: Found up-to-date module file ../../../Engine/Plugins/Runtime/CustomMeshComponent/Binaries/Win64/UE4Editor-CustomMeshComponent.dll (API version 3709383).
LogModuleManager: Display: Found up-to-date module file ../../../Engine/Plugins/Runtime/ExampleDeviceProfileSelector/Binaries/Win64/UE4Editor-ExampleDeviceProfileSelector.dll (API version 3709383).
LogModuleManager: Display: Found up-to-date module file ../../../Engine/Plugins/Runtime/ImmediatePhysics/Binaries/Win64/UE4Editor-ImmediatePhysics.dll (API version 3709383).
LogModuleManager: Display: Found up-to-date module file ../../../Engine/Plugins/Runtime/ImmediatePhysics/Binaries/Win64/UE4Editor-ImmediatePhysicsEditor.dll (API version 3709383).
LogModuleManager: Display: Found up-to-date module file ../../../Engine/Plugins/Runtime/LocationServicesBPLibrary/Binaries/Win64/UE4Editor-LocationServicesBPLibrary.dll (API version 3709383).
LogModuleManager: Display: Found up-to-date module file ../../../Engine/Plugins/Runtime/MobilePatchingUtils/Binaries/Win64/UE4Editor-MobilePatchingUtils.dll (API version 3709383).
LogModuleManager: Display: Found up-to-date module file ../../../Engine/Plugins/Runtime/Oculus/OculusVR/Binaries/Win64/UE4Editor-OculusHMD.dll (API version 3709383).
LogModuleManager: Display: Found up-to-date module file ../../../Engine/Plugins/Runtime/Oculus/OculusVR/Binaries/Win64/UE4Editor-OculusInput.dll (API version 3709383).
LogModuleManager: Display: Found up-to-date module file ../../../Engine/Plugins/Runtime/Oculus/OculusVR/Binaries/Win64/UE4Editor-OculusEditor.dll (API version 3709383).
LogModuleManager: Display: Found up-to-date module file ../../../Engine/Plugins/Runtime/ProceduralMeshComponent/Binaries/Win64/UE4Editor-ProceduralMeshComponent.dll (API version 3709383).
LogModuleManager: Display: Found up-to-date module file ../../../Engine/Plugins/Runtime/ProceduralMeshComponent/Binaries/Win64/UE4Editor-ProceduralMeshComponentEditor.dll (API version 3709383).
LogModuleManager: Display: Found up-to-date module file ../../../Engine/Plugins/Runtime/RuntimePhysXCooking/Binaries/Win64/UE4Editor-RuntimePhysXCooking.dll (API version 3709383).
LogModuleManager: Display: Found up-to-date module file ../../../Engine/Plugins/Runtime/Steam/SteamVR/Binaries/Win64/UE4Editor-SteamVR.dll (API version 3709383).
LogModuleManager: Display: Found up-to-date module file ../../../Engine/Plugins/Runtime/Steam/SteamVR/Binaries/Win64/UE4Editor-SteamVRController.dll (API version 3709383).
LogModuleManager: Display: Found up-to-date module file ../../../Engine/Plugins/Runtime/WindowsMoviePlayer/Binaries/Win64/UE4Editor-WindowsMoviePlayer.dll (API version 3709383).
LogPluginManager: Mounting plugin Paper2D
LogPluginManager: Mounting plugin AirSim
LogPluginManager: Mounting plugin LightPropagationVolume
LogPluginManager: Mounting plugin CodeLiteSourceCodeAccess
LogPluginManager: Mounting plugin GitSourceControl
LogPluginManager: Mounting plugin KDevelopSourceCodeAccess
LogPluginManager: Mounting plugin NullSourceCodeAccess
LogPluginManager: Mounting plugin PerforceSourceControl
LogPluginManager: Mounting plugin SubversionSourceControl
LogPluginManager: Mounting plugin UObjectPlugin
LogPluginManager: Mounting plugin VisualStudioCodeSourceCodeAccess
LogPluginManager: Mounting plugin VisualStudioSourceCodeAccess
LogPluginManager: Mounting plugin XCodeSourceCodeAccess
LogPluginManager: Mounting plugin AssetManagerEditor
LogPluginManager: Mounting plugin AudioCapture
LogPluginManager: Mounting plugin FacialAnimation
LogPluginManager: Mounting plugin GameplayTagsEditor
LogPluginManager: Mounting plugin MobileLauncherProfileWizard
LogPluginManager: Mounting plugin PluginBrowser
LogPluginManager: Mounting plugin SpeedTreeImporter
LogPluginManager: Mounting plugin AlembicImporter
LogPluginManager: Mounting plugin CharacterAI
LogPluginManager: Mounting plugin HTML5Networking
LogPluginManager: Mounting plugin AndroidMedia
LogPluginManager: Mounting plugin AvfMedia
LogPluginManager: Mounting plugin ImgMedia
LogPluginManager: Mounting plugin MediaCompositing
LogPluginManager: Mounting plugin MediaPlayerEditor
LogPluginManager: Mounting plugin WmfMedia
LogPluginManager: Mounting plugin TcpMessaging
LogPluginManager: Mounting plugin UdpMessaging
LogPluginManager: Mounting plugin ActorSequence
LogPluginManager: Mounting plugin LevelSequenceEditor
LogPluginManager: Mounting plugin MatineeToLevelSequence
LogPluginManager: Mounting plugin OnlineSubsystemGooglePlay
LogPluginManager: Mounting plugin OnlineSubsystemIOS
LogPluginManager: Mounting plugin OnlineSubsystem
LogPluginManager: Mounting plugin OnlineSubsystemNull
LogPluginManager: Mounting plugin OnlineSubsystemUtils
LogPluginManager: Mounting plugin AndroidDeviceProfileSelector
LogPluginManager: Mounting plugin AndroidMoviePlayer
LogPluginManager: Mounting plugin AndroidPermission
LogPluginManager: Mounting plugin AppleARKit
LogPluginManager: Mounting plugin AppleMoviePlayer
LogPluginManager: Mounting plugin ArchVisCharacter
LogPluginManager: Mounting plugin CableComponent
LogPluginManager: Mounting plugin CustomMeshComponent
LogPluginManager: Mounting plugin ExampleDeviceProfileSelector
LogPluginManager: Mounting plugin GoogleCloudMessaging
LogPluginManager: Mounting plugin ImmediatePhysics
LogPluginManager: Mounting plugin IOSDeviceProfileSelector
LogPluginManager: Mounting plugin LinuxDeviceProfileSelector
LogPluginManager: Mounting plugin LocationServicesBPLibrary
LogPluginManager: Mounting plugin MobilePatchingUtils
LogPluginManager: Mounting plugin OculusVR
LogPluginManager: Plugin shader directory ../../../Engine/Plugins/Runtime/Oculus/OculusVR/Shaders found
LogPluginManager: Mapping shader source directory ../../../Engine/Plugins/Runtime/Oculus/OculusVR/Shaders to virtual directory /Plugin/OculusVR
LogPluginManager: Mounting plugin PhysXVehicles
LogPluginManager: Mounting plugin ProceduralMeshComponent
LogPluginManager: Mounting plugin RuntimePhysXCooking
LogPluginManager: Mounting plugin SteamVR
LogPluginManager: Mounting plugin WindowsMoviePlayer
LogInit: Using libcurl 7.47.1
LogInit:  - built for x86_64-pc-win32
LogInit:  - supports SSL with OpenSSL/1.0.2g
LogInit:  - supports HTTP deflate (compression) using libz 1.2.8
LogInit:  - other features:
LogInit:      CURL_VERSION_SSL
LogInit:      CURL_VERSION_LIBZ
LogInit:      CURL_VERSION_IPV6
LogInit:      CURL_VERSION_ASYNCHDNS
LogInit:      CURL_VERSION_LARGEFILE
LogInit:      CURL_VERSION_IDN
LogInit:  CurlRequestOptions (configurable via config and command line):
LogInit:  - bVerifyPeer = false  - Libcurl will NOT verify peer certificate
LogInit:  - bUseHttpProxy = false  - Libcurl will NOT use HTTP proxy
LogInit:  - bDontReuseConnections = false  - Libcurl will reuse connections
LogInit:  - CertBundlePath = nullptr  - Libcurl will use whatever was configured at build time.
LogInit: Build: ++UE4+Release-4.18-CL-3832480
LogInit: Engine Version: 4.18.3-3832480+++UE4+Release-4.18
LogInit: Compatible Engine Version: 4.18.0-3709383+++UE4+Release-4.18
LogInit: Net CL: 3709383
LogDevObjectVersion: Number of dev versions registered: 16
LogDevObjectVersion:   Dev-Blueprints (B0D832E4-1F89-4F0D-ACCF-7EB736FD4AA2): 10
LogDevObjectVersion:   Dev-Build (E1C64328-A22C-4D53-A36C-8E866417BD8C): 0
LogDevObjectVersion:   Dev-Core (375EC13C-06E4-48FB-B500-84F0262A717E): 2
LogDevObjectVersion:   Dev-Editor (E4B068ED-F494-42E9-A231-DA0B2E46BB41): 20
LogDevObjectVersion:   Dev-Framework (CFFC743F-43B0-4480-9391-14DF171D2073): 30
LogDevObjectVersion:   Dev-Mobile (B02B49B5-BB20-44E9-A304-32B752E40360): 0
LogDevObjectVersion:   Dev-Networking (A4E4105C-59A1-49B5-A7C5-40C4547EDFEE): 0
LogDevObjectVersion:   Dev-Online (39C831C9-5AE6-47DC-9A44-9C173E1C8E7C): 0
LogDevObjectVersion:   Dev-Physics (78F01B33-EBEA-4F98-B9B4-84EACCB95AA2): 0
LogDevObjectVersion:   Dev-Platform (6631380F-2D4D-43E0-8009-CF276956A95A): 0
LogDevObjectVersion:   Dev-Rendering (12F88B9F-8875-4AFC-A67C-D90C383ABD29): 20
LogDevObjectVersion:   Dev-Sequencer (7B5AE74C-D270-4C10-A958-57980B212A5A): 4
LogDevObjectVersion:   Dev-VR (D7296918-1DD6-4BDD-9DE2-64A83CC13884): 0
LogDevObjectVersion:   Dev-LoadTimes (C2A15278-BFE7-4AFE-6C17-90FF531DF755): 1
LogDevObjectVersion:   Private-Geometry (6EACA3D4-40EC-4CC1-B786-8BED09428FC5): 1
LogDevObjectVersion:   Dev-AnimPhys (29E575DD-E0A3-4627-9D10-D276232CDCEA): 12
LogInit: Compiled (64-bit): Jan 12 2018 02:04:55
LogInit: Compiled with Visual C++: 19.00.24215.01
LogInit: Build Configuration: Development
LogInit: Branch Name: ++UE4+Release-4.18
LogInit: Command line: 
LogInit: Base directory: E:/UnrealEngine4/UE_4.18/Engine/Binaries/Win64/
LogInit: Installed Engine Build: 1
LogInit: Presizing for max 8388607 objects, including 0 objects not considered by GC, pre-allocating 0 bytes for permanent pool.
LogInit: Object subsystem initialized
[2020.03.22-07.55.16:698][  0]LogInit: Selected Device Profile: [Windows]
[2020.03.22-07.55.16:698][  0]LogInit: Applying CVar settings loaded from the selected device profile: [Windows]
[2020.03.22-07.55.16:708][  0]LogInit: Computer: ASELAB
[2020.03.22-07.55.16:708][  0]LogInit: User: AseLaboratory
[2020.03.22-07.55.16:708][  0]LogInit: CPU Page size=4096, Cores=4
[2020.03.22-07.55.16:708][  0]LogInit: High frequency timer resolution =2.825500 MHz
[2020.03.22-07.55.16:708][  0]LogMemory: Memory total: Physical=15.9GB (16GB approx)
[2020.03.22-07.55.16:708][  0]LogMemory: Platform Memory Stats for Windows
[2020.03.22-07.55.16:708][  0]LogMemory: Process Physical Memory: 272.88 MB used, 272.88 MB peak
[2020.03.22-07.55.16:708][  0]LogMemory: Process Virtual Memory: 271.79 MB used, 271.79 MB peak
[2020.03.22-07.55.16:708][  0]LogMemory: Physical Memory: 3113.56 MB used,  13185.53 MB free, 16299.09 MB total
[2020.03.22-07.55.16:708][  0]LogMemory: Virtual Memory: 4777.07 MB used,  13185.53 MB free, 134217728.00 MB total
[2020.03.22-07.55.16:828][  0]LogInit: Using OS detected language (en-US).
[2020.03.22-07.55.16:828][  0]LogInit: Using OS detected locale (en-US).
[2020.03.22-07.55.16:831][  0]LogTextLocalizationManager: No specific localization for 'en-US' exists, so the 'en' localization will be used.
[2020.03.22-07.55.17:481][  0]LogD3D11RHI: D3D11 adapters:
[2020.03.22-07.55.17:536][  0]LogD3D11RHI:    0. 'NVIDIA Quadro K2100M' (Feature Level 11_0)
[2020.03.22-07.55.17:536][  0]LogD3D11RHI:       2007/0/8149 MB DedicatedVideo/DedicatedSystem/SharedSystem, Outputs:1, VendorId:0x10de
[2020.03.22-07.55.17:538][  0]LogD3D11RHI:    1. 'Microsoft Basic Render Driver' (Feature Level 11_0)
[2020.03.22-07.55.17:538][  0]LogD3D11RHI:       0/0/8149 MB DedicatedVideo/DedicatedSystem/SharedSystem, Outputs:0, VendorId:0x1414
[2020.03.22-07.55.17:538][  0]LogD3D11RHI: Chosen D3D11 Adapter: 0
[2020.03.22-07.55.17:543][  0]LogD3D11RHI: Creating new Direct3DDevice
[2020.03.22-07.55.17:543][  0]LogD3D11RHI:     GPU DeviceId: 0x11fc (for the marketing name, search the web for "GPU Device Id")
[2020.03.22-07.55.17:543][  0]LogWindows: EnumDisplayDevices:
[2020.03.22-07.55.17:543][  0]LogWindows:    0. 'NVIDIA Quadro K2100M' (P:1 D:1)
[2020.03.22-07.55.17:543][  0]LogWindows:    1. 'NVIDIA Quadro K2100M' (P:0 D:0)
[2020.03.22-07.55.17:543][  0]LogWindows:    2. 'NVIDIA Quadro K2100M' (P:0 D:0)
[2020.03.22-07.55.17:543][  0]LogWindows:    3. 'NVIDIA Quadro K2100M' (P:0 D:0)
[2020.03.22-07.55.17:543][  0]LogWindows: DebugString: GetVideoDriverDetailsInvalid PrimaryIsNotTheChoosenAdapter GetVideoDriverDetailsInvalid PrimaryIsNotTheChoosenAdapter GetVideoDriverDetailsInvalid PrimaryIsNotTheChoosenAdapter GetVideoDriverDetailsInvalid PrimaryIsNotTheChoosenAdapter FoundDriverCount:0 
[2020.03.22-07.55.17:543][  0]LogD3D11RHI:     Adapter Name: NVIDIA Quadro K2100M
[2020.03.22-07.55.17:543][  0]LogD3D11RHI:   Driver Version: Unknown (internal:Unknown, unified:Unknown)
[2020.03.22-07.55.17:543][  0]LogD3D11RHI:      Driver Date: Unknown
[2020.03.22-07.55.17:543][  0]LogRHI: Texture pool is 1404 MB (70% of 2007 MB)
[2020.03.22-07.55.17:582][  0]LogD3D11RHI: Async texture creation enabled
[2020.03.22-07.55.17:599][  0]LogD3D11RHI: GPU Timing Frequency: 1000.000000 (Debug: 2 2)
[2020.03.22-07.55.17:641][  0]LogShaderCompilers: Guid format shader working directory is 24 characters bigger than the processId version (../../../../Env/Ocean/Intermediate/Shaders/WorkingDirectory/11812/).
[2020.03.22-07.55.17:641][  0]LogShaderCompilers: Cleaned the shader compiler working directory 'C:/Users/Admin/AppData/Local/Temp/UnrealShaderWorkingDir/63EB4E76486836111CCD7DA09620602A/'.
[2020.03.22-07.55.17:641][  0]LogShaderCompilers: Display: Using Local Shader Compiler.
[2020.03.22-07.55.18:568][  0]LogTemp: Display: Loaded TP AllDesktopTargetPlatform
[2020.03.22-07.55.18:611][  0]LogTemp: Display: Loaded TP MacClientTargetPlatform
[2020.03.22-07.55.18:655][  0]LogTemp: Display: Loaded TP MacNoEditorTargetPlatform
[2020.03.22-07.55.18:699][  0]LogTemp: Display: Loaded TP MacServerTargetPlatform
[2020.03.22-07.55.18:743][  0]LogTemp: Display: Loaded TP MacTargetPlatform
[2020.03.22-07.55.18:787][  0]LogTemp: Display: Loaded TP WindowsClientTargetPlatform
[2020.03.22-07.55.18:830][  0]LogTemp: Display: Loaded TP WindowsNoEditorTargetPlatform
[2020.03.22-07.55.18:874][  0]LogTemp: Display: Loaded TP WindowsServerTargetPlatform
[2020.03.22-07.55.18:911][  0]LogTemp: Display: Loaded TP WindowsTargetPlatform
[2020.03.22-07.55.18:953][  0]LogTemp: Display: Loaded TP Android_ASTCTargetPlatform
[2020.03.22-07.55.18:995][  0]LogTemp: Display: Loaded TP Android_ATCTargetPlatform
[2020.03.22-07.55.19:038][  0]LogTemp: Display: Loaded TP Android_DXTTargetPlatform
[2020.03.22-07.55.19:080][  0]LogTemp: Display: Loaded TP Android_ETC1TargetPlatform
[2020.03.22-07.55.19:122][  0]LogTemp: Display: Loaded TP Android_ETC2TargetPlatform
[2020.03.22-07.55.19:206][  0]LogTemp: Display: Loaded TP Android_MultiTargetPlatform
[2020.03.22-07.55.19:206][  0]LogTemp: Display: Loaded TP Android_PVRTCTargetPlatform
[2020.03.22-07.55.19:249][  0]LogTemp: Display: Loaded TP AndroidTargetPlatform
[2020.03.22-07.55.19:280][  0]LogTemp: Display: Loaded TP HTML5TargetPlatform
[2020.03.22-07.55.19:359][  0]LogTemp: Display: Loaded TP IOSTargetPlatform
[2020.03.22-07.55.19:383][  0]LogTemp: Display: Loaded TP TVOSTargetPlatform
[2020.03.22-07.55.19:425][  0]LogTemp: Display: Loaded TP LinuxClientTargetPlatform
[2020.03.22-07.55.19:467][  0]LogTemp: Display: Loaded TP LinuxNoEditorTargetPlatform
[2020.03.22-07.55.19:509][  0]LogTemp: Display: Loaded TP LinuxServerTargetPlatform
[2020.03.22-07.55.19:552][  0]LogTemp: Display: Loaded TP LinuxTargetPlatform
[2020.03.22-07.55.19:552][  0]LogTargetPlatformManager: Display: Building Assets For Windows
[2020.03.22-07.55.19:926][  0]LogDerivedDataCache: Display: Max Cache Size: 512 MB
[2020.03.22-07.55.20:002][  0]LogDerivedDataCache: Loaded boot cache 0.08s 82MB C:/Users/Admin/AppData/Local/UnrealEngine/4.18/DerivedDataCache/Boot.ddc.
[2020.03.22-07.55.20:002][  0]LogDerivedDataCache: Display: Loaded Boot cache: C:/Users/Admin/AppData/Local/UnrealEngine/4.18/DerivedDataCache/Boot.ddc
[2020.03.22-07.55.20:002][  0]LogDerivedDataCache: FDerivedDataBackendGraph:  Pak pak cache file ../../../../Env/Ocean/DerivedDataCache/DDC.ddp not found, will not use a pak cache.
[2020.03.22-07.55.20:002][  0]LogDerivedDataCache: Unable to find inner node Pak for hierarchical cache Hierarchy.
[2020.03.22-07.55.20:002][  0]LogDerivedDataCache: FDerivedDataBackendGraph:  CompressedPak pak cache file ../../../../Env/Ocean/DerivedDataCache/Compressed.ddp not found, will not use a pak cache.
[2020.03.22-07.55.20:002][  0]LogDerivedDataCache: Unable to find inner node CompressedPak for hierarchical cache Hierarchy.
[2020.03.22-07.55.20:021][  0]LogDerivedDataCache: Display: Pak cache opened for reading ../../../Engine/DerivedDataCache/Compressed.ddp.
[2020.03.22-07.55.20:034][  0]LogDerivedDataCache: Using Local data cache path C:/Users/Admin/AppData/Local/UnrealEngine/Common/DerivedDataCache: Writable
[2020.03.22-07.55.20:045][  0]LogMaterial: Verifying Global Shaders for PCD3D_SM5
[2020.03.22-07.55.20:046][  0]LogSlate: Using Freetype 2.6.0
[2020.03.22-07.55.20:046][  0]LogSlate: SlateFontCache - WITH_FREETYPE: 1, WITH_HARFBUZZ: 1
[2020.03.22-07.55.20:046][  0]LogSlate: SlateFontCache - WITH_FREETYPE: 1, WITH_HARFBUZZ: 1
[2020.03.22-07.55.20:412][  0]LogInit: Selected Device Profile: [Windows]
[2020.03.22-07.55.20:711][  0]LogSimplygon: Simplygon DLL not present - disabling.
[2020.03.22-07.55.20:743][  0]LogMeshReduction: Using SimplygonSwarm for distributed automatic mesh merging
[2020.03.22-07.55.20:744][  0]LogMeshReduction: Using QuadricMeshReduction for automatic static mesh reduction
[2020.03.22-07.55.20:744][  0]LogMeshReduction: No automatic skeletal mesh reduction module available
[2020.03.22-07.55.20:744][  0]LogMeshReduction: No automatic mesh merging module available
[2020.03.22-07.55.20:744][  0]LogMeshMerging: No automatic mesh merging module available
[2020.03.22-07.55.20:769][  0]LogNetVersion: Ocean , NetCL: 3709383, EngineNetVer: 2, GameNetVer: 0 (Checksum: 1316336824)
[2020.03.22-07.55.20:938][  0]LogAssetRegistry: FAssetRegistry took 0.0265 seconds to start up
[2020.03.22-07.55.21:424][  0]LogPackageLocalizationCache: Processed 8 localized package path(s) for 2 prioritized culture(s) in 0.039358 seconds
[2020.03.22-07.55.21:430][  0]LogUObjectArray: 35870 objects as part of root set at end of initial load.
[2020.03.22-07.55.21:430][  0]LogUObjectAllocator: 7363696 out of 0 bytes used by permanent object pool.
[2020.03.22-07.55.21:430][  0]LogUObjectArray: CloseDisregardForGC: 0/0 objects in disregard for GC pool
[2020.03.22-07.55.21:473][  0]LogInit: WinSock: version 1.1 (2.2), MaxSocks=32767, MaxUdp=65467
[2020.03.22-07.55.23:985][  0]LogTemp: StartupModule: AirSim plugin
[2020.03.22-07.55.24:291][  0]LogTcpMessaging: Initializing TcpMessaging bridge
[2020.03.22-07.55.24:327][  0]LogUdpMessaging: Initializing bridge on interface 0.0.0.0:0 to multicast group 230.0.0.1:6666.
[2020.03.22-07.55.24:915][  0]LogMaterial: Uniform references updated for custom material expression Custom.
[2020.03.22-07.55.25:277][  0]SourceControl: Source control is disabled
[2020.03.22-07.55.25:277][  0]SourceControl: Source control is disabled
[2020.03.22-07.55.25:319][  0]SourceControl: Source control is disabled
[2020.03.22-07.55.25:361][  0]SourceControl: Source control is disabled
[2020.03.22-07.55.26:014][  0]LogAndroidPermission: UAndroidPermissionCallbackProxy::GetInstance
[2020.03.22-07.55.26:229][  0]LogOcInput: OculusInput pre-init called
[2020.03.22-07.55.26:472][  0]LogEngine: Initializing Engine...
[2020.03.22-07.55.26:475][  0]LogHMD: Failed to initialize OpenVR with code 110
[2020.03.22-07.55.26:692][  0]LogStats: UGameplayTagsManager::ConstructGameplayTagTree: Construct from data asset -  0.000 s
[2020.03.22-07.55.26:692][  0]LogStats: UGameplayTagsManager::ConstructGameplayTagTree: GameplayTagTreeChangedEvent.Broadcast -  0.000 s
[2020.03.22-07.55.26:793][  0]LogAIModule: Creating AISystem for world Untitled
[2020.03.22-07.55.26:800][  0]LogInit: XAudio2 using 'Speakers/Headphones (Realtek High Definition Audio)' : 2 channels at 48 kHz using 32 bits per sample (channel mask 0x3)
[2020.03.22-07.55.27:024][  0]LogInit: FAudioDevice initialized.
[2020.03.22-07.55.27:201][  0]LogDerivedDataCache: Saved boot cache 0.18s 82MB C:/Users/Admin/AppData/Local/UnrealEngine/4.18/DerivedDataCache/Boot.ddc.
[2020.03.22-07.55.27:258][  0]LogInit: Texture streaming: Enabled
[2020.03.22-07.55.27:362][  0]LogEngineSessionManager: EngineSessionManager initialized
[2020.03.22-07.55.27:463][  0]LogInit: Transaction tracking system initialized
[2020.03.22-07.55.27:708][  0]BlueprintLog: New page: Editor Load
[2020.03.22-07.55.28:496][  0]LocalizationService: Localization service is disabled
[2020.03.22-07.55.29:428][  0]LogConsoleResponse: Display: 
[2020.03.22-07.55.29:604][  0]LogCook: Display: Max memory allowance for cook 16384mb min free memory 0mb
[2020.03.22-07.55.29:604][  0]LogCook: Display: Mobile HDR setting 1
[2020.03.22-07.55.29:604][  0]LogGameplayTags: Display: UGameplayTagsManager::DoneAddingNativeTags. DelegateIsBound: 0
[2020.03.22-07.55.29:654][  0]LogFileCache: Scanning file cache for directory 'E:/UnrealEngine4/Env/Ocean/Content/' took 0.02s
[2020.03.22-07.55.30:615][  0]SourceControl: Source control is disabled
[2020.03.22-07.55.30:615][  0]Cmd: MAP LOAD FILE="../../../../Env/Ocean/Content/StarterContent/Maps/Minimal_Default.umap" TEMPLATE=0 SHOWPROGRESS=1 FEATURELEVEL=3
[2020.03.22-07.55.30:616][  0]LightingResults: New page: Lighting Build
[2020.03.22-07.55.30:650][  0]MapCheck: New page: Map Check
[2020.03.22-07.55.30:650][  0]LightingResults: New page: Lighting Build
[2020.03.22-07.55.31:274][  0]LogAIModule: Creating AISystem for world Minimal_Default
[2020.03.22-07.55.31:294][  0]LogEditorServer: Finished looking for orphan Actors (0.000 secs)
[2020.03.22-07.55.31:319][  0]Cmd: MAP CHECKDEP NOCLEARLOG
[2020.03.22-07.55.31:369][  0]MapCheck: Map check complete: 0 Error(s), 0 Warning(s), took 50.088ms to complete.
[2020.03.22-07.55.31:369][  0]LogFileHelpers: Loading map 'Minimal_Default' took 0.755
[2020.03.22-07.55.31:689][  0]LogCollectionManager: Loaded 0 collections in 0.003287 seconds
[2020.03.22-07.55.31:825][  0]LogFileCache: Scanning file cache for directory 'E:/UnrealEngine4/Env/Ocean/Saved/Collections/' took 0.01s
[2020.03.22-07.55.31:825][  0]LogFileCache: Scanning file cache for directory 'E:/UnrealEngine4/Env/Ocean/Content/Developers/AseLaboratory/Collections/' took 0.01s
[2020.03.22-07.55.31:825][  0]LogFileCache: Scanning file cache for directory 'E:/UnrealEngine4/Env/Ocean/Content/Collections/' took 0.01s
[2020.03.22-07.55.31:825][  0]LogCollectionManager: Rebuilt the GUID cache for 0 collections in 0.000000 seconds
[2020.03.22-07.55.31:847][  0]LogContentBrowser: Native class hierarchy populated in 0.0190 seconds. Added 2382 classes and 528 folders.
[2020.03.22-07.55.31:995][  0]LogContentBrowser: Native class hierarchy updated for 'WidgetCarousel' in 0.0008 seconds. Added 0 classes and 0 folders.
[2020.03.22-07.55.32:289][  0]LogContentBrowser: Native class hierarchy updated for 'AddContentDialog' in 0.0005 seconds. Added 0 classes and 0 folders.
[2020.03.22-07.55.32:361][  0]LogContentBrowser: Native class hierarchy updated for 'SceneOutliner' in 0.0004 seconds. Added 1 classes and 2 folders.
[2020.03.22-07.55.32:667][  0]LogSlate: Took 0.000208 seconds to synchronously load lazily loaded font '../../../Engine/Content/Slate/Fonts/Roboto-Regular.ttf' (155K)
[2020.03.22-07.55.32:670][  0]LogSlate: Took 0.000179 seconds to synchronously load lazily loaded font '../../../Engine/Content/Slate/Fonts/Roboto-Bold.ttf' (160K)
[2020.03.22-07.55.32:678][  0]LogSlate: Took 0.001315 seconds to synchronously load lazily loaded font '../../../Engine/Content/Editor/Slate/Fonts/FontAwesome.ttf' (139K)
[2020.03.22-07.55.32:817][  0]LogRenderer: Reallocating scene render targets to support 964x436 Format 9 NumSamples 1 (Frame:1).
[2020.03.22-07.55.32:993][  0]LogContentBrowser: Native class hierarchy updated for 'HierarchicalLODOutliner' in 0.0009 seconds. Added 1 classes and 2 folders.
[2020.03.22-07.55.32:993][  0]LogLoad: (Engine Initialization) Total time: 18.27 seconds
[2020.03.22-07.55.32:993][  0]LogLoad: (Engine Initialization) Total Blueprint compile time: 0.00 seconds
[2020.03.22-07.55.32:994][  0]LogExternalProfiler: No external profilers were discovered.  External profiling features will not be available.
[2020.03.22-07.55.33:015][  0]LogWindowsTextInputMethodSystem: Display: IME system now deactivated.
[2020.03.22-07.55.33:048][  0]LogContentStreaming: Texture pool size now 600 MB
[2020.03.22-07.55.33:168][  0]LogSlate: Took 0.001328 seconds to synchronously load lazily loaded font '../../../Engine/Content/Slate/Fonts/Roboto-Light.ttf' (159K)
[2020.03.22-07.55.33:534][  3]LogAssetRegistry: Asset discovery search completed in 12.6187 seconds
[2020.03.22-07.55.33:537][  3]LogCollectionManager: Rebuilt the object cache for 0 collections in 0.000000 seconds (found 0 objects)
[2020.03.22-07.55.33:537][  3]LogCollectionManager: Fixed up redirectors for 0 collections in 0.000046 seconds (updated 0 objects)
[2020.03.22-07.56.33:615][677]LogHttp: Warning: 000002393B676680: request failed, libcurl error: 6 (Couldn't resolve host name)
[2020.03.22-07.56.33:615][677]LogHttp: Warning: 000002393B676680: libcurl info message cache 0 (Could not resolve host: datarouter.ol.epicgames.com)
[2020.03.22-07.56.33:615][677]LogHttp: Warning: 000002393B676680: libcurl info message cache 1 (Closing connection 0)
[2020.03.22-07.57.57:667][117]LogSlate: Took 0.000157 seconds to synchronously load lazily loaded font '../../../Engine/Content/Slate/Fonts/Roboto-Light.ttf' (159K)
[2020.03.22-07.57.57:698][117]LogLinker: Warning: Asset '../../../../Env/Ocean/Content/WaterMaterials/Materials/M_Ocean_Cheaper_Inst.uasset' has been saved with empty engine version. The asset will be loaded but may be incompatible.
[2020.03.22-07.57.57:700][117]LogLinker: Warning: Asset '../../../../Env/Ocean/Content/WaterMaterials/Materials/M_Ocean_Cheaper.uasset' has been saved with empty engine version. The asset will be loaded but may be incompatible.
[2020.03.22-07.57.57:859][117]LogLinker: Warning: Asset '../../../../Env/Ocean/Content/Scanned3DPeoplePack/RP_Character/rp_carla_rigged_001_Mobile_ue4/woman01.uasset' has been saved with empty engine version. The asset will be loaded but may be incompatible.
[2020.03.22-07.57.57:974][117]LogLinker: Warning: Asset '../../../../Env/Ocean/Content/Scanned3DPeoplePack/RP_Character/rp_claudia_rigged_002_Mobile_ue4/woman02.uasset' has been saved with empty engine version. The asset will be loaded but may be incompatible.
[2020.03.22-07.57.58:010][117]LogLinker: Warning: Asset '../../../../Env/Ocean/Content/Scanned3DPeoplePack/RP_Character/rp_dennis_posed_004_Mobile_ue4/man01.uasset' has been saved with empty engine version. The asset will be loaded but may be incompatible.
[2020.03.22-07.57.58:555][117]LogSlate: Took 0.000374 seconds to synchronously load lazily loaded font '../../../Engine/Content/Slate/Fonts/Roboto-Regular.ttf' (155K)
[2020.03.22-07.57.59:572][117]LogAIModule: Creating AISystem for world Ocean
[2020.03.22-07.57.59:652][117]Cmd: MAP LOAD FILE="../../../../Env/Ocean/Content/StarterContent/Maps/Ocean.umap" TEMPLATE=0 SHOWPROGRESS=1 FEATURELEVEL=3
[2020.03.22-07.57.59:653][117]LightingResults: New page: Lighting Build
[2020.03.22-07.57.59:654][117]LoadErrors: New page: Loading map: Ocean.umap
[2020.03.22-07.57.59:656][117]MapCheck: New page: Map Check
[2020.03.22-07.57.59:656][117]LightingResults: New page: Lighting Build
[2020.03.22-07.57.59:968][117]LogEditorServer: Finished looking for orphan Actors (0.000 secs)
[2020.03.22-07.58.00:034][117]Cmd: MAP CHECKDEP NOCLEARLOG
[2020.03.22-07.58.00:113][117]MapCheck: Map check complete: 0 Error(s), 0 Warning(s), took 78.942ms to complete.
[2020.03.22-07.58.00:113][117]LogFileHelpers: Loading map 'Ocean' took 0.463
[2020.03.22-07.58.33:648][402]LogHttp: Warning: 0000023950C2F400: request failed, libcurl error: 6 (Couldn't resolve host name)
[2020.03.22-07.58.33:648][402]LogHttp: Warning: 0000023950C2F400: libcurl info message cache 0 (Could not resolve host: datarouter.ol.epicgames.com)
[2020.03.22-07.58.33:648][402]LogHttp: Warning: 0000023950C2F400: libcurl info message cache 1 (Closing connection 1)
[2020.03.22-07.59.52:959][218]LogTemp: Repeating last play command: Selected Viewport
[2020.03.22-07.59.53:014][218]LogBlueprintUserMessages: Early PlayInEditor Detection: Level '/Game/StarterContent/Maps/Ocean.Ocean:PersistentLevel' has LevelScriptBlueprint '/Game/StarterContent/Maps/Ocean.Ocean:PersistentLevel.Ocean' with GeneratedClass '/Game/StarterContent/Maps/Ocean.Ocean_C' with ClassGeneratedBy '/Game/StarterContent/Maps/Ocean.Ocean:PersistentLevel.Ocean'
[2020.03.22-07.59.53:014][218]LogPlayLevel: PlayLevel: No blueprints needed recompiling
[2020.03.22-07.59.53:015][218]PIE: New page: PIE session: Ocean (Mar 22, 2020, 9:59:53 PM)
[2020.03.22-07.59.53:015][218]LogPlayLevel: Creating play world package: /Game/StarterContent/Maps/UEDPIE_0_Ocean
[2020.03.22-07.59.53:026][218]LogPlayLevel: PIE: StaticDuplicateObject took: (0.011899s)
[2020.03.22-07.59.53:027][218]LogAIModule: Creating AISystem for world Ocean
[2020.03.22-07.59.53:027][218]LogPlayLevel: PIE: World Init took: (0.000661s)
[2020.03.22-07.59.53:027][218]LogPlayLevel: PIE: Created PIE world by copying editor world from /Game/StarterContent/Maps/Ocean.Ocean to /Game/StarterContent/Maps/UEDPIE_0_Ocean.Ocean (0.012875s)
[2020.03.22-07.59.53:043][218]LogInit: XAudio2 using 'Speakers/Headphones (Realtek High Definition Audio)' : 2 channels at 48 kHz using 32 bits per sample (channel mask 0x3)
[2020.03.22-07.59.53:058][218]LogInit: FAudioDevice initialized.
[2020.03.22-07.59.53:103][218]LogLoad: Game class is 'AirSimGameMode'
[2020.03.22-07.59.53:173][218]LogWorld: Bringing World /Game/StarterContent/Maps/UEDPIE_0_Ocean.Ocean up for play (max tick rate 60) at 2020.03.22-14.59.53
[2020.03.22-07.59.53:176][218]LogWorld: Bringing up level for play took: 0.067208
[2020.03.22-07.59.53:250][218]LogContentBrowser: Native class hierarchy updated for 'MovieSceneCapture' in 0.0006 seconds. Added 11 classes and 0 folders.
[2020.03.22-07.59.53:260][218]Cmd: r.CustomDepth 3
[2020.03.22-07.59.53:262][218]r.CustomDepth = "3"
[2020.03.22-07.59.53:264][218]LogActor: Warning: BP_CameraDirector_C /Game/StarterContent/Maps/UEDPIE_0_Ocean.Ocean:PersistentLevel.CameraDirector has natively added scene component(s), but none of them were set as the actor's RootComponent - picking one arbitrarily
[2020.03.22-07.59.53:903][218]LogScriptCore: Warning: Script Msg: Attempted to access index 0 from array 'CallFunc_GetAllActorsOfClass_OutActors' of length 0 in '/AirSim/Weather/WeatherFX/WeatherActor.WeatherActor_C:ExecuteUbergraph_WeatherActor'!
[2020.03.22-07.59.54:303][218]LogTemp: SimpleFlight
[2020.03.22-07.59.54:312][218]PIE: Play in editor start time for /Game/StarterContent/Maps/UEDPIE_0_Ocean 1.205
[2020.03.22-07.59.54:313][218]LogBlueprintUserMessages: Late PlayInEditor Detection: Level '/Game/StarterContent/Maps/Ocean.Ocean:PersistentLevel' has LevelScriptBlueprint '/Game/StarterContent/Maps/Ocean.Ocean:PersistentLevel.Ocean' with GeneratedClass '/Game/StarterContent/Maps/Ocean.Ocean_C' with ClassGeneratedBy '/Game/StarterContent/Maps/Ocean.Ocean:PersistentLevel.Ocean'
[2020.03.22-08.00.06:062][568]LogBlueprintUserMessages: Early EndPlayMap Detection: Level '/Game/StarterContent/Maps/Ocean.Ocean:PersistentLevel' has LevelScriptBlueprint '/Game/StarterContent/Maps/Ocean.Ocean:PersistentLevel.Ocean' with GeneratedClass '/Game/StarterContent/Maps/Ocean.Ocean_C' with ClassGeneratedBy '/Game/StarterContent/Maps/Ocean.Ocean:PersistentLevel.Ocean'
[2020.03.22-08.00.06:151][568]LogBlueprintUserMessages: Late EndPlayMap Detection: Level '/Game/StarterContent/Maps/Ocean.Ocean:PersistentLevel' has LevelScriptBlueprint '/Game/StarterContent/Maps/Ocean.Ocean:PersistentLevel.Ocean' with GeneratedClass '/Game/StarterContent/Maps/Ocean.Ocean_C' with ClassGeneratedBy '/Game/StarterContent/Maps/Ocean.Ocean:PersistentLevel.Ocean'
[2020.03.22-08.00.33:709][678]LogHttp: Warning: 000002397CC25300: request failed, libcurl error: 6 (Couldn't resolve host name)
[2020.03.22-08.00.33:709][678]LogHttp: Warning: 000002397CC25300: libcurl info message cache 0 (Could not resolve host: datarouter.ol.epicgames.com)
[2020.03.22-08.00.33:710][678]LogHttp: Warning: 000002397CC25300: libcurl info message cache 1 (Closing connection 2)
[2020.03.22-08.02.33:735][596]LogHttp: Warning: 0000023937A48400: request failed, libcurl error: 6 (Couldn't resolve host name)
[2020.03.22-08.02.33:735][596]LogHttp: Warning: 0000023937A48400: libcurl info message cache 0 (Could not resolve host: datarouter.ol.epicgames.com)
[2020.03.22-08.02.33:735][596]LogHttp: Warning: 0000023937A48400: libcurl info message cache 1 (Closing connection 3)
[2020.03.22-08.04.33:765][525]LogHttp: Warning: 0000023937A4B400: request failed, libcurl error: 6 (Couldn't resolve host name)
[2020.03.22-08.04.33:766][525]LogHttp: Warning: 0000023937A4B400: libcurl info message cache 0 (Could not resolve host: datarouter.ol.epicgames.com)
[2020.03.22-08.04.33:766][525]LogHttp: Warning: 0000023937A4B400: libcurl info message cache 1 (Closing connection 4)
[2020.03.22-08.06.33:825][459]LogHttp: Warning: 0000023937A4B880: request failed, libcurl error: 6 (Couldn't resolve host name)
[2020.03.22-08.06.33:825][459]LogHttp: Warning: 0000023937A4B880: libcurl info message cache 0 (Could not resolve host: datarouter.ol.epicgames.com)
[2020.03.22-08.06.33:825][459]LogHttp: Warning: 0000023937A4B880: libcurl info message cache 1 (Closing connection 5)
[2020.03.22-08.08.01:790][ 44]LogSlate: Took 0.000578 seconds to synchronously load lazily loaded font '../../../Engine/Content/Slate/Fonts/Roboto-Light.ttf' (159K)
[2020.03.22-08.08.33:865][336]LogHttp: Warning: 0000023937A48E80: request failed, libcurl error: 6 (Couldn't resolve host name)
[2020.03.22-08.08.33:865][336]LogHttp: Warning: 0000023937A48E80: libcurl info message cache 0 (Could not resolve host: datarouter.ol.epicgames.com)
[2020.03.22-08.08.33:865][336]LogHttp: Warning: 0000023937A48E80: libcurl info message cache 1 (Closing connection 6)
[2020.03.22-08.10.33:897][178]LogHttp: Warning: 0000023937A48E80: request failed, libcurl error: 6 (Couldn't resolve host name)
[2020.03.22-08.10.33:897][178]LogHttp: Warning: 0000023937A48E80: libcurl info message cache 0 (Could not resolve host: datarouter.ol.epicgames.com)
[2020.03.22-08.10.33:897][178]LogHttp: Warning: 0000023937A48E80: libcurl info message cache 1 (Closing connection 7)
[2020.03.22-08.25.49:742][133]Cmd: QUIT_EDITOR
[2020.03.22-08.25.49:852][133]LogWindowsTextInputMethodSystem: Display: IME system now deactivated.
[2020.03.22-08.25.49:891][133]LogExit: Preparing to exit.
[2020.03.22-08.25.50:296][133]LogDirectoryWatcher: A directory notification for 'E:/UnrealEngine4/Env/Ocean/Content/' was aborted.
[2020.03.22-08.25.50:345][133]LogExit: Editor shut down
[2020.03.22-08.25.50:353][133]LogExit: Transaction tracking system shut down
[2020.03.22-08.25.50:530][133]LogDirectoryWatcher: A directory notification for '../../../Engine/Content/' was aborted.
[2020.03.22-08.25.50:531][133]LogDirectoryWatcher: A directory notification for '../../../../Env/Ocean/Content/' was aborted.
[2020.03.22-08.25.50:531][133]LogDirectoryWatcher: A directory notification for '../../../Engine/Plugins/2D/Paper2D/Content/' was aborted.
[2020.03.22-08.25.50:531][133]LogDirectoryWatcher: A directory notification for '../../../../Env/Ocean/Plugins/AirSim/Content/' was aborted.
[2020.03.22-08.25.50:531][133]LogDirectoryWatcher: A directory notification for '../../../Engine/Plugins/Media/MediaCompositing/Content/' was aborted.
[2020.03.22-08.25.50:531][133]LogDirectoryWatcher: A directory notification for '../../../Engine/Plugins/Runtime/AppleARKit/Content/' was aborted.
[2020.03.22-08.25.50:531][133]LogDirectoryWatcher: A directory notification for '../../../Engine/Plugins/Runtime/Oculus/OculusVR/Content/' was aborted.
[2020.03.22-08.25.50:531][133]LogDirectoryWatcher: A directory notification for '../../../Engine/Plugins/Runtime/Steam/SteamVR/Content/' was aborted.
[2020.03.22-08.25.50:676][133]LogExit: Object subsystem successfully closed.
[2020.03.22-08.25.50:722][133]LogD3D11RHI: Shutdown
[2020.03.22-08.25.50:722][133]LogD3D11RHI: CleanupD3DDevice
[2020.03.22-08.25.50:730][133]LogD3D11RHI: ~FD3D11DynamicRHI
[2020.03.22-08.25.50:763][133]LogModuleManager: Shutting down and abandoning module MovieSceneCapture (552)
[2020.03.22-08.25.50:763][133]LogModuleManager: Shutting down and abandoning module HierarchicalLODOutliner (550)
[2020.03.22-08.25.50:763][133]LogModuleManager: Shutting down and abandoning module SceneOutliner (548)
[2020.03.22-08.25.50:763][133]LogModuleManager: Shutting down and abandoning module AddContentDialog (546)
[2020.03.22-08.25.50:764][133]LogDirectoryWatcher: A directory notification for 'E:/UnrealEngine4/UE_4.18/FeaturePacks/' was aborted.
[2020.03.22-08.25.50:767][133]LogModuleManager: Shutting down and abandoning module WidgetCarousel (545)
[2020.03.22-08.25.50:767][133]LogModuleManager: Shutting down and abandoning module EditorWidgets (542)
[2020.03.22-08.25.50:767][133]LogModuleManager: Shutting down and abandoning module CollectionManager (540)
[2020.03.22-08.25.50:767][133]LogDirectoryWatcher: A directory notification for 'E:/UnrealEngine4/Env/Ocean/Content/Collections/' was aborted.
[2020.03.22-08.25.50:767][133]LogDirectoryWatcher: A directory notification for 'E:/UnrealEngine4/Env/Ocean/Content/Developers/AseLaboratory/Collections/' was aborted.
[2020.03.22-08.25.50:768][133]LogDirectoryWatcher: A directory notification for 'E:/UnrealEngine4/Env/Ocean/Saved/Collections/' was aborted.
[2020.03.22-08.25.50:768][133]LogModuleManager: Shutting down and abandoning module StatsViewer (538)
[2020.03.22-08.25.50:768][133]LogModuleManager: Shutting down and abandoning module FoliageEdit (536)
[2020.03.22-08.25.50:768][133]LogModuleManager: Shutting down and abandoning module LandscapeEditor (534)
[2020.03.22-08.25.50:769][133]LogModuleManager: Shutting down and abandoning module MeshPaintMode (532)
[2020.03.22-08.25.50:769][133]LogModuleManager: Shutting down and abandoning module SceneDepthPickerMode (530)
[2020.03.22-08.25.50:769][133]LogModuleManager: Shutting down and abandoning module ActorPickerMode (528)
[2020.03.22-08.25.50:769][133]LogModuleManager: Shutting down and abandoning module GeometryMode (526)
[2020.03.22-08.25.50:769][133]LogModuleManager: Shutting down and abandoning module TextureAlignMode (524)
[2020.03.22-08.25.50:769][133]LogModuleManager: Shutting down and abandoning module BspMode (522)
[2020.03.22-08.25.50:769][133]LogModuleManager: Shutting down and abandoning module PIEPreviewDeviceProfileSelector (520)
[2020.03.22-08.25.50:769][133]LogModuleManager: Shutting down and abandoning module HardwareSurvey (518)
[2020.03.22-08.25.50:769][133]LogModuleManager: Shutting down and abandoning module SequenceRecorderSections (516)
[2020.03.22-08.25.50:769][133]LogModuleManager: Shutting down and abandoning module AutomationWorker (514)
[2020.03.22-08.25.50:769][133]LogModuleManager: Shutting down and abandoning module MatineeToLevelSequence (512)
[2020.03.22-08.25.50:769][133]LogModuleManager: Shutting down and abandoning module LevelSequenceEditor (510)
[2020.03.22-08.25.50:770][133]LogModuleManager: Shutting down and abandoning module PlacementMode (509)
[2020.03.22-08.25.50:770][133]LogModuleManager: Shutting down and abandoning module WmfMediaFactory (506)
[2020.03.22-08.25.50:770][133]LogModuleManager: Shutting down and abandoning module WmfMediaEditor (504)
[2020.03.22-08.25.50:770][133]LogModuleManager: Shutting down and abandoning module OpenExrWrapper (502)
[2020.03.22-08.25.50:770][133]LogModuleManager: Shutting down and abandoning module ImgMediaFactory (500)
[2020.03.22-08.25.50:770][133]LogModuleManager: Shutting down and abandoning module ImgMediaEditor (498)
[2020.03.22-08.25.50:770][133]LogModuleManager: Shutting down and abandoning module AvfMediaFactory (496)
[2020.03.22-08.25.50:770][133]LogModuleManager: Shutting down and abandoning module AvfMediaEditor (494)
[2020.03.22-08.25.50:770][133]LogModuleManager: Shutting down and abandoning module AndroidMediaFactory (492)
[2020.03.22-08.25.50:770][133]LogModuleManager: Shutting down and abandoning module AndroidMediaEditor (490)
[2020.03.22-08.25.50:770][133]LogModuleManager: Shutting down and abandoning module CharacterAI (488)
[2020.03.22-08.25.50:770][133]LogModuleManager: Shutting down and abandoning module AudioCapture (486)
[2020.03.22-08.25.50:770][133]LogModuleManager: Shutting down and abandoning module SequenceRecorder (485)
[2020.03.22-08.25.50:771][133]LogModuleManager: Shutting down and abandoning module SmartSnapping (482)
[2020.03.22-08.25.50:771][133]LogModuleManager: Shutting down and abandoning module SessionServices (480)
[2020.03.22-08.25.50:771][133]LogModuleManager: Shutting down and abandoning module ViewportSnapping (478)
[2020.03.22-08.25.50:771][133]LogModuleManager: Shutting down and abandoning module ViewportInteraction (476)
[2020.03.22-08.25.50:771][133]LogModuleManager: Shutting down and abandoning module ClothPainter (474)
[2020.03.22-08.25.50:771][133]LogModuleManager: Shutting down and abandoning module SkeletalMeshEditor (473)
[2020.03.22-08.25.50:771][133]LogModuleManager: Shutting down and abandoning module LogVisualizer (470)
[2020.03.22-08.25.50:771][133]LogModuleManager: Shutting down and abandoning module IntroTutorials (468)
[2020.03.22-08.25.50:771][133]LogModuleManager: Shutting down and abandoning module GameProjectGeneration (467)
[2020.03.22-08.25.50:772][133]LogModuleManager: Shutting down and abandoning module IOSPlatformEditor (464)
[2020.03.22-08.25.50:772][133]LogModuleManager: Shutting down and abandoning module HTML5PlatformEditor (462)
[2020.03.22-08.25.50:772][133]LogModuleManager: Shutting down and abandoning module AndroidPlatformEditor (460)
[2020.03.22-08.25.50:772][133]LogModuleManager: Shutting down and abandoning module AndroidDeviceDetection (459)
[2020.03.22-08.25.50:785][133]LogModuleManager: Shutting down and abandoning module WindowsPlatformEditor (456)
[2020.03.22-08.25.50:785][133]LogModuleManager: Shutting down and abandoning module IOSRuntimeSettings (454)
[2020.03.22-08.25.50:785][133]LogModuleManager: Shutting down and abandoning module AndroidRuntimeSettings (452)
[2020.03.22-08.25.50:785][133]LogModuleManager: Shutting down and abandoning module InputBindingEditor (450)
[2020.03.22-08.25.50:786][133]LogModuleManager: Shutting down and abandoning module MergeActors (448)
[2020.03.22-08.25.50:786][133]LogModuleManager: Shutting down and abandoning module SizeMap (446)
[2020.03.22-08.25.50:786][133]LogModuleManager: Shutting down and abandoning module TreeMap (444)
[2020.03.22-08.25.50:786][133]LogModuleManager: Shutting down and abandoning module ReferenceViewer (442)
[2020.03.22-08.25.50:786][133]LogModuleManager: Shutting down and abandoning module LocalizationDashboard (440)
[2020.03.22-08.25.50:786][133]LogModuleManager: Shutting down and abandoning module LocalizationService (439)
[2020.03.22-08.25.50:786][133]LogModuleManager: Shutting down and abandoning module HardwareTargeting (436)
[2020.03.22-08.25.50:786][133]LogModuleManager: Shutting down and abandoning module DeviceProfileEditor (434)
[2020.03.22-08.25.50:786][133]LogModuleManager: Shutting down and abandoning module UndoHistory (432)
[2020.03.22-08.25.50:786][133]LogModuleManager: Shutting down and abandoning module XmlParser (430)
[2020.03.22-08.25.50:786][133]LogModuleManager: Shutting down and abandoning module Blutility (428)
[2020.03.22-08.25.50:786][133]LogModuleManager: Shutting down and abandoning module ProjectSettingsViewer (426)
[2020.03.22-08.25.50:787][133]LogModuleManager: Shutting down and abandoning module ProjectTargetPlatformEditor (425)
[2020.03.22-08.25.50:787][133]LogModuleManager: Shutting down and abandoning module EditorSettingsViewer (422)
[2020.03.22-08.25.50:787][133]LogModuleManager: Shutting down and abandoning module SettingsEditor (420)
[2020.03.22-08.25.50:787][133]LogModuleManager: Shutting down and abandoning module ProjectLauncher (418)
[2020.03.22-08.25.50:787][133]LogModuleManager: Shutting down and abandoning module SessionFrontend (416)
[2020.03.22-08.25.50:787][133]LogModuleManager: Shutting down and abandoning module ProfilerClient (414)
[2020.03.22-08.25.50:788][133]LogModuleManager: Shutting down and abandoning module DeviceManager (412)
[2020.03.22-08.25.50:788][133]LogModuleManager: Shutting down and abandoning module TargetDeviceServices (411)
[2020.03.22-08.25.50:840][133]LogModuleManager: Shutting down and abandoning module AutomationController (408)
[2020.03.22-08.25.50:840][133]LogModuleManager: Shutting down and abandoning module AutomationWindow (406)
[2020.03.22-08.25.50:840][133]LogModuleManager: Shutting down and abandoning module Layers (404)
[2020.03.22-08.25.50:840][133]LogModuleManager: Shutting down and abandoning module ComponentVisualizers (402)
[2020.03.22-08.25.50:840][133]LogModuleManager: Shutting down and abandoning module DetailCustomizations (400)
[2020.03.22-08.25.50:840][133]LogModuleManager: Shutting down and abandoning module PackagesDialog (398)
[2020.03.22-08.25.50:841][133]LogModuleManager: Shutting down and abandoning module Persona (396)
[2020.03.22-08.25.50:841][133]LogModuleManager: Shutting down and abandoning module AdvancedPreviewScene (395)
[2020.03.22-08.25.50:841][133]LogModuleManager: Shutting down and abandoning module AnimGraph (393)
[2020.03.22-08.25.50:841][133]LogModuleManager: Shutting down and abandoning module Kismet (390)
[2020.03.22-08.25.50:845][133]LogModuleManager: Shutting down and abandoning module ClassViewer (388)
[2020.03.22-08.25.50:849][133]LogModuleManager: Shutting down and abandoning module Toolbox (386)
[2020.03.22-08.25.50:849][133]LogModuleManager: Shutting down and abandoning module ModuleUI (384)
[2020.03.22-08.25.50:849][133]LogModuleManager: Shutting down and abandoning module MovieSceneTools (382)
[2020.03.22-08.25.50:849][133]LogModuleManager: Shutting down and abandoning module OutputLog (380)
[2020.03.22-08.25.50:849][133]LogModuleManager: Shutting down and abandoning module GammaUI (378)
[2020.03.22-08.25.50:849][133]LogModuleManager: Shutting down and abandoning module Documentation (376)
[2020.03.22-08.25.50:849][133]LogModuleManager: Shutting down and abandoning module MovieSceneTracks (374)
[2020.03.22-08.25.50:849][133]LogModuleManager: Shutting down and abandoning module MovieScene (372)
[2020.03.22-08.25.50:850][133]LogModuleManager: Shutting down and abandoning module StreamingPauseRendering (370)
[2020.03.22-08.25.50:850][133]LogModuleManager: Shutting down and abandoning module LauncherPlatform (368)
[2020.03.22-08.25.50:850][133]LogModuleManager: Shutting down and abandoning module AnalyticsET (366)
[2020.03.22-08.25.50:850][133]LogModuleManager: Shutting down and abandoning module PortalServices (364)
[2020.03.22-08.25.50:850][133]LogModuleManager: Shutting down and abandoning module PortalRpc (362)
[2020.03.22-08.25.50:850][133]LogModuleManager: Shutting down and abandoning module MessagingRpc (360)
[2020.03.22-08.25.50:850][133]LogModuleManager: Shutting down and abandoning module AIModule (358)
[2020.03.22-08.25.50:850][133]LogModuleManager: Shutting down and abandoning module GameplayDebugger (357)
[2020.03.22-08.25.50:850][133]LogModuleManager: Shutting down and abandoning module AITestSuite (355)
[2020.03.22-08.25.50:850][133]LogModuleManager: Shutting down and abandoning module DesktopPlatform (352)
[2020.03.22-08.25.50:850][133]LogModuleManager: Shutting down and abandoning module ProfilerService (350)
[2020.03.22-08.25.50:865][133]LogModuleManager: Shutting down and abandoning module TaskGraph (348)
[2020.03.22-08.25.50:866][133]LogModuleManager: Shutting down and abandoning module SteamVRController (346)
[2020.03.22-08.25.50:866][133]LogModuleManager: Shutting down and abandoning module ProceduralMeshComponentEditor (344)
[2020.03.22-08.25.50:866][133]LogModuleManager: Shutting down and abandoning module ProceduralMeshComponent (342)
[2020.03.22-08.25.50:866][133]LogModuleManager: Shutting down and abandoning module OculusInput (340)
[2020.03.22-08.25.50:866][133]LogModuleManager: Shutting down and abandoning module MobilePatchingUtils (338)
[2020.03.22-08.25.50:866][133]LogModuleManager: Shutting down and abandoning module CustomMeshComponent (336)
[2020.03.22-08.25.50:866][133]LogModuleManager: Shutting down and abandoning module CableComponent (334)
[2020.03.22-08.25.50:866][133]LogModuleManager: Shutting down and abandoning module ArchVisCharacter (332)
[2020.03.22-08.25.50:866][133]LogModuleManager: Shutting down and abandoning module AndroidPermission (330)
[2020.03.22-08.25.50:866][133]LogModuleManager: Shutting down and abandoning module ActorSequence (326)
[2020.03.22-08.25.50:866][133]LogModuleManager: Shutting down and abandoning module MediaPlayerEditor (324)
[2020.03.22-08.25.50:867][133]LogModuleManager: Shutting down and abandoning module MediaCompositingEditor (322)
[2020.03.22-08.25.50:867][133]LogModuleManager: Shutting down and abandoning module MediaCompositing (320)
[2020.03.22-08.25.50:867][133]LogModuleManager: Shutting down and abandoning module HTML5Networking (318)
[2020.03.22-08.25.50:867][133]LogModuleManager: Shutting down and abandoning module AlembicImporter (316)
[2020.03.22-08.25.50:867][133]LogModuleManager: Shutting down and abandoning module AlembicLibrary (315)
[2020.03.22-08.25.50:867][133]LogModuleManager: Shutting down and abandoning module GeometryCache (314)
[2020.03.22-08.25.50:867][133]LogModuleManager: Shutting down and abandoning module GeometryCacheEd (313)
[2020.03.22-08.25.50:867][133]LogModuleManager: Shutting down and abandoning module SpeedTreeImporter (308)
[2020.03.22-08.25.50:867][133]LogModuleManager: Shutting down and abandoning module PluginBrowser (306)
[2020.03.22-08.25.50:867][133]LogModuleManager: Shutting down and abandoning module MobileLauncherProfileWizard (304)
[2020.03.22-08.25.50:867][133]LogModuleManager: Shutting down and abandoning module VisualStudioSourceCodeAccess (302)
[2020.03.22-08.25.50:867][133]LogModuleManager: Shutting down and abandoning module VisualStudioCodeSourceCodeAccess (300)
[2020.03.22-08.25.50:868][133]LogModuleManager: Shutting down and abandoning module UObjectPlugin (298)
[2020.03.22-08.25.50:868][133]LogModuleManager: Shutting down and abandoning module SubversionSourceControl (296)
[2020.03.22-08.25.50:868][133]LogModuleManager: Shutting down and abandoning module PerforceSourceControl (294)
[2020.03.22-08.25.50:868][133]LogModuleManager: Shutting down and abandoning module GitSourceControl (292)
[2020.03.22-08.25.50:868][133]LogModuleManager: Shutting down and abandoning module SourceControl (291)
[2020.03.22-08.25.50:868][133]LogModuleManager: Shutting down and abandoning module LightPropagationVolumeEditor (288)
[2020.03.22-08.25.50:868][133]LogModuleManager: Shutting down and abandoning module PaperTiledImporter (286)
[2020.03.22-08.25.50:868][133]LogModuleManager: Shutting down and abandoning module PaperSpriteSheetImporter (284)
[2020.03.22-08.25.50:868][133]LogModuleManager: Shutting down and abandoning module Paper2DEditor (282)
[2020.03.22-08.25.50:868][133]LogModuleManager: Shutting down and abandoning module MeshPaint (281)
[2020.03.22-08.25.50:869][133]LogModuleManager: Shutting down and abandoning module LevelEditor (279)
[2020.03.22-08.25.50:871][133]LogModuleManager: Shutting down and abandoning module PixelInspectorModule (278)
[2020.03.22-08.25.50:872][133]LogModuleManager: Shutting down and abandoning module MainFrame (276)
[2020.03.22-08.25.50:872][133]LogModuleManager: Shutting down and abandoning module HotReload (275)
[2020.03.22-08.25.50:872][133]LogDirectoryWatcher: A directory notification for 'E:/UnrealEngine4/Env/Ocean/Plugins/AirSim/Binaries/Win64' was aborted.
[2020.03.22-08.25.50:873][133]LogModuleManager: Shutting down and abandoning module RuntimePhysXCooking (270)
[2020.03.22-08.25.50:873][133]LogModuleManager: Shutting down and abandoning module PhysXVehiclesEditor (268)
[2020.03.22-08.25.50:873][133]LogModuleManager: Shutting down and abandoning module PhysXVehicles (266)
[2020.03.22-08.25.50:873][133]LogModuleManager: Shutting down and abandoning module OculusEditor (264)
[2020.03.22-08.25.50:873][133]LogModuleManager: Shutting down and abandoning module LocationServicesBPLibrary (262)
[2020.03.22-08.25.50:873][133]LogModuleManager: Shutting down and abandoning module ImmediatePhysicsEditor (260)
[2020.03.22-08.25.50:873][133]LogModuleManager: Shutting down and abandoning module ImmediatePhysics (258)
[2020.03.22-08.25.50:873][133]LogModuleManager: Shutting down and abandoning module UdpMessaging (256)
[2020.03.22-08.25.50:975][133]LogModuleManager: Shutting down and abandoning module TcpMessaging (254)
[2020.03.22-08.25.51:076][133]LogModuleManager: Shutting down and abandoning module GameplayTagsEditor (252)
[2020.03.22-08.25.51:076][133]LogModuleManager: Shutting down and abandoning module FacialAnimationEditor (250)
[2020.03.22-08.25.51:076][133]LogModuleManager: Shutting down and abandoning module FacialAnimation (248)
[2020.03.22-08.25.51:076][133]LogModuleManager: Shutting down and abandoning module AssetManagerEditor (246)
[2020.03.22-08.25.51:076][133]LogModuleManager: Shutting down and abandoning module GraphEditor (245)
[2020.03.22-08.25.51:076][133]LogModuleManager: Shutting down and abandoning module ContentBrowser (243)
[2020.03.22-08.25.51:078][133]LogModuleManager: Shutting down and abandoning module LightPropagationVolumeRuntime (240)
[2020.03.22-08.25.51:078][133]LogModuleManager: Shutting down and abandoning module AirSim (238)
[2020.03.22-08.25.51:078][133]LogModuleManager: Shutting down and abandoning module Paper2D (236)
[2020.03.22-08.25.51:078][133]LogModuleManager: Shutting down and abandoning module WindowsMoviePlayer (234)
[2020.03.22-08.25.51:078][133]LogModuleManager: Shutting down and abandoning module WmfMedia (232)
[2020.03.22-08.25.51:082][133]LogModuleManager: Shutting down and abandoning module ImgMedia (230)
[2020.03.22-08.25.51:082][133]LogModuleManager: Shutting down and abandoning module PacketHandler (228)
[2020.03.22-08.25.51:082][133]LogModuleManager: Shutting down and abandoning module ClothingSystemEditor (226)
[2020.03.22-08.25.51:082][133]LogModuleManager: Shutting down and abandoning module ClothingSystemRuntime (224)
[2020.03.22-08.25.51:082][133]LogModuleManager: Shutting down and abandoning module MediaAssets (222)
[2020.03.22-08.25.51:082][133]LogModuleManager: Shutting down and abandoning module Media (221)
[2020.03.22-08.25.51:088][133]LogModuleManager: Shutting down and abandoning module Overlay (218)
[2020.03.22-08.25.51:088][133]LogModuleManager: Shutting down and abandoning module OverlayEditor (217)
[2020.03.22-08.25.51:088][133]LogModuleManager: Shutting down and abandoning module VREditor (214)
[2020.03.22-08.25.51:088][133]LogModuleManager: Shutting down and abandoning module StringTableEditor (212)
[2020.03.22-08.25.51:088][133]LogModuleManager: Shutting down and abandoning module GameplayTasksEditor (210)
[2020.03.22-08.25.51:089][133]LogModuleManager: Shutting down and abandoning module BehaviorTreeEditor (208)
[2020.03.22-08.25.51:089][133]LogModuleManager: Shutting down and abandoning module FunctionalTesting (206)
[2020.03.22-08.25.51:089][133]LogModuleManager: Shutting down and abandoning module CollisionAnalyzer (204)
[2020.03.22-08.25.51:089][133]LogModuleManager: Shutting down and abandoning module WorkspaceMenuStructure (203)
[2020.03.22-08.25.51:089][133]LogModuleManager: Shutting down and abandoning module UMG (200)
[2020.03.22-08.25.51:089][133]LogModuleManager: Shutting down and abandoning module UMGEditor (199)
[2020.03.22-08.25.51:089][133]LogModuleManager: Shutting down and abandoning module Sequencer (198)
[2020.03.22-08.25.51:089][133]LogModuleManager: Shutting down and abandoning module MessageLog (195)
[2020.03.22-08.25.51:089][133]LogModuleManager: Shutting down and abandoning module SlateReflector (190)
[2020.03.22-08.25.51:089][133]LogModuleManager: Shutting down and abandoning module Slate (188)
[2020.03.22-08.25.51:089][133]LogModuleManager: Shutting down and abandoning module EditorStyle (186)
[2020.03.22-08.25.51:093][133]LogModuleManager: Shutting down and abandoning module MRMesh (184)
[2020.03.22-08.25.51:093][133]LogModuleManager: Shutting down and abandoning module SourceCodeAccess (182)
[2020.03.22-08.25.51:093][133]LogModuleManager: Shutting down and abandoning module HeadMountedDisplay (180)
[2020.03.22-08.25.51:093][133]LogModuleManager: Shutting down and abandoning module XAudio2 (178)
[2020.03.22-08.25.51:093][133]LogModuleManager: Shutting down and abandoning module Networking (176)
[2020.03.22-08.25.51:093][133]LogModuleManager: Shutting down and abandoning module Core (172)
[2020.03.22-08.25.51:093][133]LogModuleManager: Shutting down and abandoning module LevelSequence (168)
[2020.03.22-08.25.51:093][133]LogModuleManager: Shutting down and abandoning module DirectoryWatcher (166)
[2020.03.22-08.25.51:095][133]LogModuleManager: Shutting down and abandoning module KismetCompiler (164)
[2020.03.22-08.25.51:095][133]LogModuleManager: Shutting down and abandoning module MeshUtilities (162)
[2020.03.22-08.25.51:095][133]LogModuleManager: Shutting down and abandoning module MeshMergeUtilities (161)
[2020.03.22-08.25.51:095][133]LogModuleManager: Shutting down and abandoning module MeshReductionInterface (160)
[2020.03.22-08.25.51:095][133]LogModuleManager: Shutting down and abandoning module SimplygonSwarm (159)
[2020.03.22-08.25.51:095][133]LogModuleManager: Shutting down and abandoning module SimplygonMeshReduction (157)
[2020.03.22-08.25.51:095][133]LogModuleManager: Shutting down and abandoning module QuadricMeshReduction (155)
[2020.03.22-08.25.51:095][133]LogModuleManager: Shutting down and abandoning module MaterialBaking (151)
[2020.03.22-08.25.51:096][133]LogModuleManager: Shutting down and abandoning module DerivedDataCache (148)
[2020.03.22-08.25.51:158][133]LogDerivedDataCache: Shutdown
[2020.03.22-08.25.51:158][133]LogModuleManager: Shutting down and abandoning module TargetPlatform (146)
[2020.03.22-08.25.51:158][133]LogModuleManager: Shutting down and abandoning module VulkanShaderFormat (145)
[2020.03.22-08.25.51:159][133]LogModuleManager: Shutting down and abandoning module ShaderFormatVectorVM (143)
[2020.03.22-08.25.51:159][133]LogModuleManager: Shutting down and abandoning module ShaderFormatOpenGL (141)
[2020.03.22-08.25.51:159][133]LogModuleManager: Shutting down and abandoning module ShaderFormatD3D (139)
[2020.03.22-08.25.51:159][133]LogModuleManager: Shutting down and abandoning module MetalShaderFormat (137)
[2020.03.22-08.25.51:159][133]LogModuleManager: Shutting down and abandoning module TextureFormatUncompressed (135)
[2020.03.22-08.25.51:159][133]LogModuleManager: Shutting down and abandoning module TextureFormatPVR (133)
[2020.03.22-08.25.51:159][133]LogModuleManager: Shutting down and abandoning module TextureFormatDXT (131)
[2020.03.22-08.25.51:159][133]LogModuleManager: Shutting down and abandoning module TextureFormatIntelISPCTexComp (129)
[2020.03.22-08.25.51:159][133]LogModuleManager: Shutting down and abandoning module TextureFormatASTC (127)
[2020.03.22-08.25.51:159][133]LogModuleManager: Shutting down and abandoning module ImageWrapper (126)
[2020.03.22-08.25.51:159][133]LogModuleManager: Shutting down and abandoning module TextureFormatAndroid (123)
[2020.03.22-08.25.51:159][133]LogModuleManager: Shutting down and abandoning module AudioFormatOpus (121)
[2020.03.22-08.25.51:160][133]LogModuleManager: Shutting down and abandoning module AudioFormatOgg (119)
[2020.03.22-08.25.51:160][133]LogModuleManager: Shutting down and abandoning module AudioFormatADPCM (117)
[2020.03.22-08.25.51:160][133]LogModuleManager: Shutting down and abandoning module LinuxTargetPlatform (115)
[2020.03.22-08.25.51:160][133]LogModuleManager: Shutting down and abandoning module LinuxServerTargetPlatform (113)
[2020.03.22-08.25.51:160][133]LogModuleManager: Shutting down and abandoning module LinuxNoEditorTargetPlatform (111)
[2020.03.22-08.25.51:160][133]LogModuleManager: Shutting down and abandoning module LinuxClientTargetPlatform (109)
[2020.03.22-08.25.51:160][133]LogModuleManager: Shutting down and abandoning module TVOSTargetPlatform (107)
[2020.03.22-08.25.51:160][133]LogModuleManager: Shutting down and abandoning module Messaging (105)
[2020.03.22-08.25.51:160][133]LogModuleManager: Shutting down and abandoning module IOSTargetPlatform (103)
[2020.03.22-08.25.51:160][133]LogModuleManager: Shutting down and abandoning module HTML5TargetPlatform (101)
[2020.03.22-08.25.51:160][133]LogModuleManager: Shutting down and abandoning module AndroidTargetPlatform (99)
[2020.03.22-08.25.51:160][133]LogModuleManager: Shutting down and abandoning module Android_PVRTCTargetPlatform (97)
[2020.03.22-08.25.51:160][133]LogModuleManager: Shutting down and abandoning module Android_MultiTargetPlatform (95)
[2020.03.22-08.25.51:160][133]LogModuleManager: Shutting down and abandoning module Android_ETC2TargetPlatform (93)
[2020.03.22-08.25.51:160][133]LogModuleManager: Shutting down and abandoning module Android_ETC1TargetPlatform (91)
[2020.03.22-08.25.51:160][133]LogModuleManager: Shutting down and abandoning module Android_DXTTargetPlatform (89)
[2020.03.22-08.25.51:160][133]LogModuleManager: Shutting down and abandoning module Android_ATCTargetPlatform (87)
[2020.03.22-08.25.51:161][133]LogModuleManager: Shutting down and abandoning module Android_ASTCTargetPlatform (85)
[2020.03.22-08.25.51:161][133]LogModuleManager: Shutting down and abandoning module WindowsTargetPlatform (83)
[2020.03.22-08.25.51:161][133]LogModuleManager: Shutting down and abandoning module WindowsServerTargetPlatform (81)
[2020.03.22-08.25.51:161][133]LogModuleManager: Shutting down and abandoning module WindowsNoEditorTargetPlatform (79)
[2020.03.22-08.25.51:161][133]LogModuleManager: Shutting down and abandoning module WindowsClientTargetPlatform (77)
[2020.03.22-08.25.51:161][133]LogModuleManager: Shutting down and abandoning module MacTargetPlatform (75)
[2020.03.22-08.25.51:161][133]LogModuleManager: Shutting down and abandoning module MacServerTargetPlatform (73)
[2020.03.22-08.25.51:161][133]LogModuleManager: Shutting down and abandoning module MacNoEditorTargetPlatform (71)
[2020.03.22-08.25.51:161][133]LogModuleManager: Shutting down and abandoning module MacClientTargetPlatform (69)
[2020.03.22-08.25.51:161][133]LogModuleManager: Shutting down and abandoning module AllDesktopTargetPlatform (67)
[2020.03.22-08.25.51:161][133]LogModuleManager: Shutting down and abandoning module InputCore (64)
[2020.03.22-08.25.51:161][133]LogModuleManager: Shutting down and abandoning module Settings (62)
[2020.03.22-08.25.51:161][133]LogModuleManager: Shutting down and abandoning module PhysXCooking (60)
[2020.03.22-08.25.51:161][133]LogModuleManager: Shutting down and abandoning module SteamVR (58)
[2020.03.22-08.25.51:161][133]LogModuleManager: Shutting down and abandoning module OculusHMD (56)
[2020.03.22-08.25.51:162][133]LogModuleManager: Shutting down and abandoning module ExampleDeviceProfileSelector (54)
[2020.03.22-08.25.51:162][133]LogModuleManager: Shutting down and abandoning module AppleARKit (52)
[2020.03.22-08.25.51:162][133]LogModuleManager: Shutting down and abandoning module AugmentedReality (51)
[2020.03.22-08.25.51:162][133]LogModuleManager: Shutting down and abandoning module OnlineBlueprintSupport (48)
[2020.03.22-08.25.51:162][133]LogModuleManager: Shutting down and abandoning module OnlineSubsystem (44)
[2020.03.22-08.25.51:162][133]LogModuleManager: Shutting down and abandoning module XMPP (43)
[2020.03.22-08.25.51:162][133]LogModuleManager: Shutting down and abandoning module HTTP (41)
[2020.03.22-08.25.51:162][133]LogHttp: Display: Http module shutting down, but needs to wait on 1 outstanding Http requests:
[2020.03.22-08.25.51:162][133]LogHttp: Display: 	verb=[POST] url=[https://datarouter.ol.epicgames.com/datarouter/api/v1/public/data?SessionID=%7B2DBD8123-44C1-0099-0E01-2C9F7285AA7E%7D&AppID=UEEditor.Rocket.Release&AppVersion=4.18.3-3832480%2B%2B%2BUE4%2BRelease-4.18&UserID=f3e37b174b9654fa04d04c9be422b140%7Cb20f97f8c7ea4bc5aad5f284ae647253%7C4f9b83d2-06e1-44aa-8e7b-5318eaee3328&AppEnvironment=datacollector-binary&UploadType=eteventstream] status=Processing
[2020.03.22-08.25.51:187][133]LogModuleManager: Shutting down and abandoning module SSL (40)
[2020.03.22-08.25.51:191][133]LogModuleManager: Shutting down and abandoning module AnimationModifiers (36)
[2020.03.22-08.25.51:191][133]LogModuleManager: Shutting down and abandoning module PropertyEditor (35)
[2020.03.22-08.25.51:191][133]LogModuleManager: Shutting down and abandoning module AudioEditor (32)
[2020.03.22-08.25.51:191][133]LogModuleManager: Shutting down and abandoning module TextureCompressor (30)
[2020.03.22-08.25.51:192][133]LogModuleManager: Shutting down and abandoning module ShaderCore (28)
[2020.03.22-08.25.51:192][133]LogModuleManager: Shutting down and abandoning module Landscape (26)
[2020.03.22-08.25.51:192][133]LogModuleManager: Shutting down and abandoning module SlateRHIRenderer (24)
[2020.03.22-08.25.51:194][133]LogModuleManager: Shutting down and abandoning module OpenGLDrv (22)
[2020.03.22-08.25.51:194][133]LogModuleManager: Shutting down and abandoning module D3D11RHI (20)
[2020.03.22-08.25.51:194][133]LogModuleManager: Shutting down and abandoning module AnimGraphRuntime (18)
[2020.03.22-08.25.51:194][133]LogModuleManager: Shutting down and abandoning module Renderer (16)
[2020.03.22-08.25.51:194][133]LogModuleManager: Shutting down and abandoning module Engine (14)
[2020.03.22-08.25.51:194][133]LogModuleManager: Shutting down and abandoning module CoreUObject (12)
[2020.03.22-08.25.51:194][133]LogModuleManager: Shutting down and abandoning module NetworkFile (10)
[2020.03.22-08.25.51:194][133]LogModuleManager: Shutting down and abandoning module CookedIterativeFile (8)
[2020.03.22-08.25.51:194][133]LogModuleManager: Shutting down and abandoning module StreamingFile (6)
[2020.03.22-08.25.51:195][133]LogModuleManager: Shutting down and abandoning module SandboxFile (4)
[2020.03.22-08.25.51:195][133]LogModuleManager: Shutting down and abandoning module PakFile (2)
[2020.03.22-08.25.51:208][133]LogExit: Exiting.
[2020.03.22-08.25.51:237][133]Log file closed, 03/22/20 15:25:51
